This is pdfTeX, Version 3.1415926-1.40.10 (MiKTeX 2.8) (preloaded format=pdflatex 2010.8.31)  19 SEP 2010 22:40
entering extended mode
**pres.tex

("C:\Documents and Settings\Aidan MacNamara\My Documents\Z Backup\Thesis Templa
te\ThesisPres\pres.tex"
LaTeX2e <2009/09/24>
Babel <v3.8l> and hyphenation patterns for english, dumylang, nohyphenation, ge
rman, ngerman, german-x-2009-06-19, ngerman-x-2009-06-19, french, loaded.

("C:\Documents and Settings\Aidan MacNamara\Application Data\MiKTeX\2.8\tex\lat
ex\beamer\base\beamer.cls"
("C:\Documents and Settings\Aidan MacNamara\Application Data\MiKTeX\2.8\tex\lat
ex\beamer\base\beamerbasercs.sty"
Package: beamerbasercs 2010/06/12 (rcs-revision c3821710bb40)
)
Document Class: beamer 2010/06/21 development version 3.10 A class for typesett
ing presentations (rcs-revision a6b1a8434d30)

("C:\Documents and Settings\Aidan MacNamara\Application Data\MiKTeX\2.8\tex\lat
ex\beamer\base\beamerbasemodes.sty"
Package: beamerbasemodes 2010/05/01 (rcs-revision efa082c6111d)
\beamer@tempbox=\box26
\beamer@tempcount=\count79
\c@beamerpauses=\count80

("C:\Documents and Settings\Aidan MacNamara\Application Data\MiKTeX\2.8\tex\lat
ex\beamer\base\beamerbasedecode.sty"
Package: beamerbasedecode 2010/05/01 (rcs-revision efa082c6111d)
\beamer@slideinframe=\count81
\beamer@minimum=\count82
)
\beamer@commentbox=\box27
\beamer@modecount=\count83
)
\headheight=\dimen102
\headdp=\dimen103
\footheight=\dimen104
\sidebarheight=\dimen105
\beamer@tempdim=\dimen106
\beamer@finalheight=\dimen107
\beamer@animht=\dimen108
\beamer@animdp=\dimen109
\beamer@animwd=\dimen110
\beamer@leftmargin=\dimen111
\beamer@rightmargin=\dimen112
\beamer@leftsidebar=\dimen113
\beamer@rightsidebar=\dimen114
\beamer@boxsize=\dimen115
\beamer@vboxoffset=\dimen116
\beamer@descdefault=\dimen117
\beamer@descriptionwidth=\dimen118
\beamer@lastskip=\skip41
\beamer@areabox=\box28
\beamer@animcurrent=\box29
\beamer@animshowbox=\box30
\beamer@sectionbox=\box31
\beamer@logobox=\box32
\beamer@linebox=\box33
\beamer@sectioncount=\count84
\beamer@subsubsectionmax=\count85
\beamer@subsectionmax=\count86
\beamer@sectionmax=\count87
\beamer@totalheads=\count88
\beamer@headcounter=\count89
\beamer@partstartpage=\count90
\beamer@sectionstartpage=\count91
\beamer@subsectionstartpage=\count92
\beamer@animationtempa=\count93
\beamer@animationtempb=\count94
\beamer@xpos=\count95
\beamer@ypos=\count96
\beamer@showpartnumber=\count97
\beamer@currentsubsection=\count98
\beamer@coveringdepth=\count99
\beamer@sectionadjust=\count100
\beamer@tocsectionnumber=\count101

("C:\Documents and Settings\Aidan MacNamara\Application Data\MiKTeX\2.8\tex\lat
ex\beamer\base\beamerbaseoptions.sty"
Package: beamerbaseoptions 2010/04/27 (rcs-revision 982469101dd6)

("C:\Program Files\MiKTeX 2.8\tex\latex\graphics\keyval.sty"
Package: keyval 1999/03/16 v1.13 key=value parser (DPC)
\KV@toks@=\toks14
))
\beamer@paperwidth=\skip42
\beamer@paperheight=\skip43

("C:\Program Files\MiKTeX 2.8\tex\latex\geometry\geometry.sty"
Package: geometry 2010/03/13 v5.3 Page Geometry

("C:\Program Files\MiKTeX 2.8\tex\generic\oberdiek\ifpdf.sty"
Package: ifpdf 2010/01/28 v2.1 Provides the ifpdf switch (HO)
Package ifpdf Info: pdfTeX in pdf mode detected.
)
("C:\Program Files\MiKTeX 2.8\tex\generic\oberdiek\ifvtex.sty"
Package: ifvtex 2010/03/01 v1.5 Switches for detecting VTeX and its modes (HO)
Package ifvtex Info: VTeX not detected.
)
\Gm@cnth=\count102
\Gm@cntv=\count103
\c@Gm@tempcnt=\count104
\Gm@bindingoffset=\dimen119
\Gm@wd@mp=\dimen120
\Gm@odd@mp=\dimen121
\Gm@even@mp=\dimen122
\Gm@layoutwidth=\dimen123
\Gm@layoutheight=\dimen124
\Gm@layouthoffset=\dimen125
\Gm@layoutvoffset=\dimen126
\Gm@dimlist=\toks15

("C:\Program Files\MiKTeX 2.8\tex\latex\geometry\geometry.cfg"))

Class beamer Warning: ``slidescentered'' is obsolete. Use ``c'' instead on inpu
t line 346.

("C:\Program Files\MiKTeX 2.8\tex\latex\base\size11.clo"
File: size11.clo 2007/10/19 v1.4h Standard LaTeX file (size option)
)
("C:\Documents and Settings\Aidan MacNamara\Application Data\MiKTeX\2.8\tex\lat
ex\pgf\basiclayer\pgfcore.sty"
("C:\Program Files\MiKTeX 2.8\tex\latex\graphics\graphicx.sty"
Package: graphicx 1999/02/16 v1.0f Enhanced LaTeX Graphics (DPC,SPQR)

("C:\Program Files\MiKTeX 2.8\tex\latex\graphics\graphics.sty"
Package: graphics 2009/02/05 v1.0o Standard LaTeX Graphics (DPC,SPQR)

("C:\Program Files\MiKTeX 2.8\tex\latex\graphics\trig.sty"
Package: trig 1999/03/16 v1.09 sin cos tan (DPC)
)
("C:\Program Files\MiKTeX 2.8\tex\latex\00miktex\graphics.cfg"
File: graphics.cfg 2007/01/18 v1.5 graphics configuration of teTeX/TeXLive
)
Package graphics Info: Driver file: pdftex.def on input line 91.

("C:\Program Files\MiKTeX 2.8\tex\latex\pdftex-def\pdftex.def"
File: pdftex.def 2010/02/14 v0.04n Graphics/color for pdfTeX
\Gread@gobject=\count105
))
\Gin@req@height=\dimen127
\Gin@req@width=\dimen128
)
("C:\Documents and Settings\Aidan MacNamara\Application Data\MiKTeX\2.8\tex\lat
ex\pgf\systemlayer\pgfsys.sty"
("C:\Documents and Settings\Aidan MacNamara\Application Data\MiKTeX\2.8\tex\lat
ex\pgf\utilities\pgfrcs.sty"
("C:\Documents and Settings\Aidan MacNamara\Application Data\MiKTeX\2.8\tex\gen
eric\pgf\utilities\pgfutil-common.tex"
\pgfutil@everybye=\toks16
)
("C:\Documents and Settings\Aidan MacNamara\Application Data\MiKTeX\2.8\tex\gen
eric\pgf\utilities\pgfutil-latex.def")
("C:\Documents and Settings\Aidan MacNamara\Application Data\MiKTeX\2.8\tex\gen
eric\pgf\utilities\pgfrcs.code.tex"
Package: pgfrcs 2008/02/20 v2.00 (rcs-revision 1.21)
))
("C:\Documents and Settings\Aidan MacNamara\Application Data\MiKTeX\2.8\tex\gen
eric\pgf\systemlayer\pgfsys.code.tex"
Package: pgfsys 2008/02/07 v2.00 (rcs-revision 1.31)

("C:\Documents and Settings\Aidan MacNamara\Application Data\MiKTeX\2.8\tex\gen
eric\pgf\utilities\pgfkeys.code.tex"
\pgfkeys@pathtoks=\toks17
\pgfkeys@temptoks=\toks18
)
\pgf@x=\dimen129
\pgf@y=\dimen130
\pgf@xa=\dimen131
\pgf@ya=\dimen132
\pgf@xb=\dimen133
\pgf@yb=\dimen134
\pgf@xc=\dimen135
\pgf@yc=\dimen136
\c@pgf@counta=\count106
\c@pgf@countb=\count107
\c@pgf@countc=\count108
\c@pgf@countd=\count109

("C:\Documents and Settings\Aidan MacNamara\Application Data\MiKTeX\2.8\tex\gen
eric\pgf\systemlayer\pgf.cfg"
File: pgf.cfg 2008/01/13  (rcs-revision 1.6)
)
Package pgfsys Info: Driver file for pgf: pgfsys-pdftex.def on input line 885.

("C:\Documents and Settings\Aidan MacNamara\Application Data\MiKTeX\2.8\tex\gen
eric\pgf\systemlayer\pgfsys-pdftex.def"
File: pgfsys-pdftex.def 2007/12/20  (rcs-revision 1.20)

("C:\Documents and Settings\Aidan MacNamara\Application Data\MiKTeX\2.8\tex\gen
eric\pgf\systemlayer\pgfsys-common-pdf.def"
File: pgfsys-common-pdf.def 2007/12/17  (rcs-revision 1.8)
)))
("C:\Documents and Settings\Aidan MacNamara\Application Data\MiKTeX\2.8\tex\gen
eric\pgf\systemlayer\pgfsyssoftpath.code.tex"
File: pgfsyssoftpath.code.tex 2008/01/23  (rcs-revision 1.6)
\pgfsyssoftpath@smallbuffer@items=\count110
\pgfsyssoftpath@bigbuffer@items=\count111
)
("C:\Documents and Settings\Aidan MacNamara\Application Data\MiKTeX\2.8\tex\gen
eric\pgf\systemlayer\pgfsysprotocol.code.tex"
File: pgfsysprotocol.code.tex 2006/10/16  (rcs-revision 1.4)
))
("C:\Documents and Settings\Aidan MacNamara\Application Data\MiKTeX\2.8\tex\lat
ex\xcolor\xcolor.sty"
Package: xcolor 2007/01/21 v2.11 LaTeX color extensions (UK)
 ("C:\Program Files\MiKTeX 2.8\tex\latex\00miktex\color.cfg"
File: color.cfg 2007/01/18 v1.5 color configuration of teTeX/TeXLive
)
Package xcolor Info: Driver file: pdftex.def on input line 225.
Package xcolor Info: Model `cmy' substituted by `cmy0' on input line 1337.
Package xcolor Info: Model `hsb' substituted by `rgb' on input line 1341.
Package xcolor Info: Model `RGB' extended on input line 1353.
Package xcolor Info: Model `HTML' substituted by `rgb' on input line 1355.
Package xcolor Info: Model `Hsb' substituted by `hsb' on input line 1356.
Package xcolor Info: Model `tHsb' substituted by `hsb' on input line 1357.
Package xcolor Info: Model `HSB' substituted by `hsb' on input line 1358.
Package xcolor Info: Model `Gray' substituted by `gray' on input line 1359.
Package xcolor Info: Model `wave' substituted by `hsb' on input line 1360.
)
("C:\Documents and Settings\Aidan MacNamara\Application Data\MiKTeX\2.8\tex\gen
eric\pgf\basiclayer\pgfcore.code.tex"
Package: pgfcore 2008/01/15 v2.00 (rcs-revision 1.6)

("C:\Documents and Settings\Aidan MacNamara\Application Data\MiKTeX\2.8\tex\gen
eric\pgf\math\pgfmath.code.tex"
("C:\Documents and Settings\Aidan MacNamara\Application Data\MiKTeX\2.8\tex\gen
eric\pgf\math\pgfmathcalc.code.tex"
("C:\Documents and Settings\Aidan MacNamara\Application Data\MiKTeX\2.8\tex\gen
eric\pgf\math\pgfmathutil.code.tex"
\pgfmath@box=\box34
)
("C:\Documents and Settings\Aidan MacNamara\Application Data\MiKTeX\2.8\tex\gen
eric\pgf\math\pgfmathparser.code.tex"
\pgfmath@stack=\toks19
\c@pgfmath@parsecounta=\count112
\c@pgfmath@parsecountb=\count113
\c@pgfmath@parsecountc=\count114
\pgfmath@parsex=\dimen137
)
("C:\Documents and Settings\Aidan MacNamara\Application Data\MiKTeX\2.8\tex\gen
eric\pgf\math\pgfmathoperations.code.tex"
("C:\Documents and Settings\Aidan MacNamara\Application Data\MiKTeX\2.8\tex\gen
eric\pgf\math\pgfmathtrig.code.tex")
("C:\Documents and Settings\Aidan MacNamara\Application Data\MiKTeX\2.8\tex\gen
eric\pgf\math\pgfmathrnd.code.tex"))
("C:\Documents and Settings\Aidan MacNamara\Application Data\MiKTeX\2.8\tex\gen
eric\pgf\math\pgfmathbase.code.tex")))
("C:\Documents and Settings\Aidan MacNamara\Application Data\MiKTeX\2.8\tex\gen
eric\pgf\basiclayer\pgfcorepoints.code.tex"
File: pgfcorepoints.code.tex 2008/02/03  (rcs-revision 1.13)
\pgf@picminx=\dimen138
\pgf@picmaxx=\dimen139
\pgf@picminy=\dimen140
\pgf@picmaxy=\dimen141
\pgf@pathminx=\dimen142
\pgf@pathmaxx=\dimen143
\pgf@pathminy=\dimen144
\pgf@pathmaxy=\dimen145
\pgf@xx=\dimen146
\pgf@xy=\dimen147
\pgf@yx=\dimen148
\pgf@yy=\dimen149
\pgf@zx=\dimen150
\pgf@zy=\dimen151
)
("C:\Documents and Settings\Aidan MacNamara\Application Data\MiKTeX\2.8\tex\gen
eric\pgf\basiclayer\pgfcorepathconstruct.code.tex"
File: pgfcorepathconstruct.code.tex 2008/02/13  (rcs-revision 1.14)
\pgf@path@lastx=\dimen152
\pgf@path@lasty=\dimen153
)
("C:\Documents and Settings\Aidan MacNamara\Application Data\MiKTeX\2.8\tex\gen
eric\pgf\basiclayer\pgfcorepathusage.code.tex"
File: pgfcorepathusage.code.tex 2008/01/23  (rcs-revision 1.11)
\pgf@shorten@end@additional=\dimen154
\pgf@shorten@start@additional=\dimen155
)
("C:\Documents and Settings\Aidan MacNamara\Application Data\MiKTeX\2.8\tex\gen
eric\pgf\basiclayer\pgfcorescopes.code.tex"
File: pgfcorescopes.code.tex 2008/01/15  (rcs-revision 1.26)
\pgfpic=\box35
\pgf@hbox=\box36
\pgf@layerbox@main=\box37
\pgf@picture@serial@count=\count115
)
("C:\Documents and Settings\Aidan MacNamara\Application Data\MiKTeX\2.8\tex\gen
eric\pgf\basiclayer\pgfcoregraphicstate.code.tex"
File: pgfcoregraphicstate.code.tex 2007/12/12  (rcs-revision 1.8)
\pgflinewidth=\dimen156
)
("C:\Documents and Settings\Aidan MacNamara\Application Data\MiKTeX\2.8\tex\gen
eric\pgf\basiclayer\pgfcoretransformations.code.tex"
File: pgfcoretransformations.code.tex 2008/02/04  (rcs-revision 1.10)
\pgf@pt@x=\dimen157
\pgf@pt@y=\dimen158
\pgf@pt@temp=\dimen159
)
("C:\Documents and Settings\Aidan MacNamara\Application Data\MiKTeX\2.8\tex\gen
eric\pgf\basiclayer\pgfcorequick.code.tex"
File: pgfcorequick.code.tex 2006/10/11  (rcs-revision 1.2)
)
("C:\Documents and Settings\Aidan MacNamara\Application Data\MiKTeX\2.8\tex\gen
eric\pgf\basiclayer\pgfcoreobjects.code.tex"
File: pgfcoreobjects.code.tex 2006/10/11  (rcs-revision 1.2)
)
("C:\Documents and Settings\Aidan MacNamara\Application Data\MiKTeX\2.8\tex\gen
eric\pgf\basiclayer\pgfcorepathprocessing.code.tex"
File: pgfcorepathprocessing.code.tex 2008/01/23  (rcs-revision 1.7)
)
("C:\Documents and Settings\Aidan MacNamara\Application Data\MiKTeX\2.8\tex\gen
eric\pgf\basiclayer\pgfcorearrows.code.tex"
File: pgfcorearrows.code.tex 2007/06/07  (rcs-revision 1.8)
)
("C:\Documents and Settings\Aidan MacNamara\Application Data\MiKTeX\2.8\tex\gen
eric\pgf\basiclayer\pgfcoreshade.code.tex"
File: pgfcoreshade.code.tex 2007/12/10  (rcs-revision 1.9)
\pgf@max=\dimen160
\pgf@sys@shading@range@num=\count116
)
("C:\Documents and Settings\Aidan MacNamara\Application Data\MiKTeX\2.8\tex\gen
eric\pgf\basiclayer\pgfcoreimage.code.tex"
File: pgfcoreimage.code.tex 2008/01/15  (rcs-revision 1.1)
\pgfexternal@startupbox=\box38
)
("C:\Documents and Settings\Aidan MacNamara\Application Data\MiKTeX\2.8\tex\gen
eric\pgf\basiclayer\pgfcorelayers.code.tex"
File: pgfcorelayers.code.tex 2008/01/15  (rcs-revision 1.1)
)
("C:\Documents and Settings\Aidan MacNamara\Application Data\MiKTeX\2.8\tex\gen
eric\pgf\basiclayer\pgfcoretransparency.code.tex"
File: pgfcoretransparency.code.tex 2008/01/17  (rcs-revision 1.2)
)
("C:\Documents and Settings\Aidan MacNamara\Application Data\MiKTeX\2.8\tex\gen
eric\pgf\basiclayer\pgfcorepatterns.code.tex"
File: pgfcorepatterns.code.tex 2008/01/15  (rcs-revision 1.1)
)))
("C:\Documents and Settings\Aidan MacNamara\Application Data\MiKTeX\2.8\tex\lat
ex\pgf\utilities\xxcolor.sty"
Package: xxcolor 2003/10/24 ver 0.1
\XC@nummixins=\count117
\XC@countmixins=\count118
)
("C:\Program Files\MiKTeX 2.8\tex\latex\hyperref\hyperref.sty"
Package: hyperref 2010/03/30 v6.80u Hypertext links for LaTeX

("C:\Program Files\MiKTeX 2.8\tex\generic\oberdiek\ltxcmds.sty"
Package: ltxcmds 2010/04/08 v1.5 LaTeX kernel commands for general use (HO)
)
("C:\Program Files\MiKTeX 2.8\tex\generic\oberdiek\kvsetkeys.sty"
Package: kvsetkeys 2010/03/01 v1.9 Key value parser (HO)

("C:\Program Files\MiKTeX 2.8\tex\generic\oberdiek\infwarerr.sty"
Package: infwarerr 2010/04/08 v1.3 Providing info/warning/message (HO)
)
("C:\Program Files\MiKTeX 2.8\tex\generic\oberdiek\etexcmds.sty"
Package: etexcmds 2010/01/28 v1.3 Prefix for e-TeX command names (HO)
Package etexcmds Info: Could not find \expanded.
(etexcmds)             That can mean that you are not using pdfTeX 1.50 or
(etexcmds)             that some package has redefined \expanded.
(etexcmds)             In the latter case, load this package earlier.
))
("C:\Program Files\MiKTeX 2.8\tex\generic\oberdiek\pdfescape.sty"
Package: pdfescape 2010/03/01 v1.9 Provides hex, PDF name and string conversion
s (HO)

("C:\Program Files\MiKTeX 2.8\tex\generic\oberdiek\pdftexcmds.sty"
Package: pdftexcmds 2010/04/01 v0.9 Utility functions of pdfTeX for LuaTeX (HO)


("C:\Program Files\MiKTeX 2.8\tex\generic\oberdiek\ifluatex.sty"
Package: ifluatex 2010/03/01 v1.3 Provides the ifluatex switch (HO)
Package ifluatex Info: LuaTeX not detected.
)
Package pdftexcmds Info: LuaTeX not detected.
Package pdftexcmds Info: \pdf@primitive is available.
Package pdftexcmds Info: \pdf@ifprimitive is available.
))
("C:\Program Files\MiKTeX 2.8\tex\latex\ifxetex\ifxetex.sty"
Package: ifxetex 2009/01/23 v0.5 Provides ifxetex conditional
)
("C:\Program Files\MiKTeX 2.8\tex\latex\oberdiek\hycolor.sty"
Package: hycolor 2009/12/12 v1.6 Color options of hyperref/bookmark (HO)

("C:\Program Files\MiKTeX 2.8\tex\latex\oberdiek\xcolor-patch.sty"
Package: xcolor-patch 2009/12/12 xcolor patch
))
("C:\Program Files\MiKTeX 2.8\tex\latex\oberdiek\letltxmacro.sty"
Package: letltxmacro 2008/06/24 v1.3 Let assignment for LaTeX macros (HO)
)
\@linkdim=\dimen161
\Hy@linkcounter=\count119
\Hy@pagecounter=\count120

("C:\Program Files\MiKTeX 2.8\tex\latex\hyperref\pd1enc.def"
File: pd1enc.def 2010/03/30 v6.80u Hyperref: PDFDocEncoding definition (HO)
)
("C:\Program Files\MiKTeX 2.8\tex\generic\oberdiek\intcalc.sty"
Package: intcalc 2007/09/27 v1.1 Expandable integer calculations (HO)
)
("C:\Program Files\MiKTeX 2.8\tex\latex\00miktex\hyperref.cfg"
File: hyperref.cfg 2002/06/06 v1.2 hyperref configuration of TeXLive
)
("C:\Program Files\MiKTeX 2.8\tex\latex\oberdiek\kvoptions.sty"
Package: kvoptions 2010/02/22 v3.7 Keyval support for LaTeX options (HO)
)
Package hyperref Info: Option `bookmarks' set `true' on input line 3528.
Package hyperref Info: Option `bookmarksopen' set `true' on input line 3528.
Package hyperref Info: Option `implicit' set `false' on input line 3528.
Package hyperref Info: Hyper figures OFF on input line 3609.
Package hyperref Info: Link nesting OFF on input line 3614.
Package hyperref Info: Hyper index ON on input line 3617.
Package hyperref Info: Plain pages OFF on input line 3624.
Package hyperref Info: Backreferencing OFF on input line 3629.

Implicit mode OFF; no redefinition of LaTeX internals
Package hyperref Info: Bookmarks ON on input line 3825.
("C:\Program Files\MiKTeX 2.8\tex\latex\ltxmisc\url.sty"
\Urlmuskip=\muskip10
Package: url 2006/04/12  ver 3.3  Verb mode for urls, etc.
)
LaTeX Info: Redefining \url on input line 4105.

("C:\Program Files\MiKTeX 2.8\tex\generic\oberdiek\bitset.sty"
Package: bitset 2007/09/28 v1.0 Data type bit set (HO)

("C:\Program Files\MiKTeX 2.8\tex\generic\oberdiek\bigintcalc.sty"
Package: bigintcalc 2007/11/11 v1.1 Expandable big integer calculations (HO)
))
\Fld@menulength=\count121
\Field@Width=\dimen162
\Fld@charsize=\dimen163
\Field@toks=\toks20
Package hyperref Info: Hyper figures OFF on input line 5083.
Package hyperref Info: Link nesting OFF on input line 5088.
Package hyperref Info: Hyper index ON on input line 5091.
Package hyperref Info: backreferencing OFF on input line 5098.
Package hyperref Info: Link coloring OFF on input line 5103.
Package hyperref Info: Link coloring with OCG OFF on input line 5108.
Package hyperref Info: PDF/A mode OFF on input line 5113.
LaTeX Info: Redefining \ref on input line 5153.
LaTeX Info: Redefining \pageref on input line 5157.

("C:\Program Files\MiKTeX 2.8\tex\generic\oberdiek\atbegshi.sty"
Package: atbegshi 2010/03/25 v1.12 At begin shipout hook (HO)
)
\Hy@abspage=\count122

Hyperref stopped early
)
* hyperref using default driver hpdftex *
("C:\Program Files\MiKTeX 2.8\tex\latex\hyperref\hpdftex.def"
File: hpdftex.def 2010/03/30 v6.80u Hyperref driver for pdfTeX

("C:\Program Files\MiKTeX 2.8\tex\latex\oberdiek\atveryend.sty"
Package: atveryend 2010/03/24 v1.5 Hooks at very end of document (HO)
Package atveryend Info: \enddocument detected (standard).
)
\Fld@listcount=\count123
\c@bookmark@seq@number=\count124

("C:\Program Files\MiKTeX 2.8\tex\latex\oberdiek\rerunfilecheck.sty"
Package: rerunfilecheck 2010/03/16 v1.6 Rerun checks for auxiliary files (HO)

("C:\Program Files\MiKTeX 2.8\tex\generic\oberdiek\uniquecounter.sty"
Package: uniquecounter 2009/12/18 v1.1 Provides unlimited unique counter (HO)
)
Package uniquecounter Info: New unique counter `rerunfilecheck' on input line 2
71.
))
("C:\Documents and Settings\Aidan MacNamara\Application Data\MiKTeX\2.8\tex\lat
ex\beamer\base\beamerbaserequires.sty"
Package: beamerbaserequires 2010/05/01  (rcs-revision efa082c6111d)

("C:\Documents and Settings\Aidan MacNamara\Application Data\MiKTeX\2.8\tex\lat
ex\beamer\base\beamerbasecompatibility.sty"
Package: beamerbasecompatibility 2010/07/12  (rcs-revision 6648c3177e4e)
)
("C:\Documents and Settings\Aidan MacNamara\Application Data\MiKTeX\2.8\tex\lat
ex\beamer\base\beamerbasefont.sty"
Package: beamerbasefont 2010/05/10  (rcs-revision cd36e8a33c6b)

("C:\Program Files\MiKTeX 2.8\tex\latex\amsfonts\amssymb.sty"
Package: amssymb 2009/06/22 v3.00

("C:\Program Files\MiKTeX 2.8\tex\latex\amsfonts\amsfonts.sty"
Package: amsfonts 2009/06/22 v3.00 Basic AMSFonts support
\@emptytoks=\toks21
\symAMSa=\mathgroup4
\symAMSb=\mathgroup5
LaTeX Font Info:    Overwriting math alphabet `\mathfrak' in version `bold'
(Font)                  U/euf/m/n --> U/euf/b/n on input line 96.
)))
("C:\Documents and Settings\Aidan MacNamara\Application Data\MiKTeX\2.8\tex\lat
ex\beamer\base\beamerbasetranslator.sty"
Package: beamerbasetranslator 2010/06/11  (rcs-revision 85fd1cc7fc42)

("C:\Documents and Settings\Aidan MacNamara\Application Data\MiKTeX\2.8\tex\lat
ex\beamer\base\translator\translator.sty"
Package: translator 2010/06/12 ver 1.10

("C:\Documents and Settings\Aidan MacNamara\Application Data\MiKTeX\2.8\tex\lat
ex\beamer\base\translator\translator-language-mappings.tex")))
("C:\Documents and Settings\Aidan MacNamara\Application Data\MiKTeX\2.8\tex\lat
ex\beamer\base\beamerbasemisc.sty"
Package: beamerbasemisc 2010/06/06  (rcs-revision bff0a9294b45)
)
("C:\Documents and Settings\Aidan MacNamara\Application Data\MiKTeX\2.8\tex\lat
ex\beamer\base\beamerbasetwoscreens.sty"
Package: beamerbasetwoscreens 2010/05/01  (rcs-revision efa082c6111d)
)
("C:\Documents and Settings\Aidan MacNamara\Application Data\MiKTeX\2.8\tex\lat
ex\beamer\base\beamerbaseoverlay.sty"
Package: beamerbaseoverlay 2010/05/07  (rcs-revision 5584dad462a9)
\beamer@argscount=\count125
\beamer@lastskipcover=\skip44
\beamer@trivlistdepth=\count126
)
("C:\Documents and Settings\Aidan MacNamara\Application Data\MiKTeX\2.8\tex\lat
ex\beamer\base\beamerbasetitle.sty"
Package: beamerbasetitle 2010/06/12  (rcs-revision 717e481ca47a)
)
("C:\Documents and Settings\Aidan MacNamara\Application Data\MiKTeX\2.8\tex\lat
ex\beamer\base\beamerbasesection.sty"
Package: beamerbasesection 2010/06/17  (rcs-revision e0d9401bb743)
\c@lecture=\count127
\c@part=\count128
\c@section=\count129
\c@subsection=\count130
\c@subsubsection=\count131
)
("C:\Documents and Settings\Aidan MacNamara\Application Data\MiKTeX\2.8\tex\lat
ex\beamer\base\beamerbaseframe.sty"
Package: beamerbaseframe 2010/06/06  (rcs-revision bff0a9294b45)
\beamer@framebox=\box39
\beamer@frametitlebox=\box40
\beamer@zoombox=\box41
\beamer@zoomcount=\count132
\beamer@zoomframecount=\count133
\beamer@frametextheight=\dimen164
\c@subsectionslide=\count134
\beamer@frametopskip=\skip45
\beamer@framebottomskip=\skip46
\beamer@frametopskipautobreak=\skip47
\beamer@framebottomskipautobreak=\skip48
\beamer@envbody=\toks22
\c@framenumber=\count135
)
("C:\Documents and Settings\Aidan MacNamara\Application Data\MiKTeX\2.8\tex\lat
ex\beamer\base\beamerbaseverbatim.sty"
Package: beamerbaseverbatim 2010/05/01  (rcs-revision efa082c6111d)
\beamer@verbatimfileout=\write3
)
("C:\Documents and Settings\Aidan MacNamara\Application Data\MiKTeX\2.8\tex\lat
ex\beamer\base\beamerbaseframesize.sty"
Package: beamerbaseframesize 2010/06/27  (rcs-revision 6baa2d92e6f1)
\beamer@splitbox=\box42
\beamer@autobreakcount=\count136
\beamer@autobreaklastheight=\dimen165
\beamer@frametitletoks=\toks23
\beamer@framesubtitletoks=\toks24
)
("C:\Documents and Settings\Aidan MacNamara\Application Data\MiKTeX\2.8\tex\lat
ex\beamer\base\beamerbaseframecomponents.sty"
Package: beamerbaseframecomponents 2010/07/12  (rcs-revision 09e82992d9b1)
\beamer@footins=\box43
)
("C:\Documents and Settings\Aidan MacNamara\Application Data\MiKTeX\2.8\tex\lat
ex\beamer\base\beamerbasecolor.sty"
Package: beamerbasecolor 2010/06/06  (rcs-revision d1a9b48be06d)
)
("C:\Documents and Settings\Aidan MacNamara\Application Data\MiKTeX\2.8\tex\lat
ex\beamer\base\beamerbasenotes.sty"
Package: beamerbasenotes 2010/05/01  (rcs-revision efa082c6111d)
\beamer@frameboxcopy=\box44
)
("C:\Documents and Settings\Aidan MacNamara\Application Data\MiKTeX\2.8\tex\lat
ex\beamer\base\beamerbasetoc.sty"
Package: beamerbasetoc 2010/06/11  (rcs-revision 242ecaa6783b)
)
("C:\Documents and Settings\Aidan MacNamara\Application Data\MiKTeX\2.8\tex\lat
ex\beamer\base\beamerbasetemplates.sty"
Package: beamerbasetemplates 2010/05/01  (rcs-revision efa082c6111d)
\beamer@sbttoks=\toks25

("C:\Documents and Settings\Aidan MacNamara\Application Data\MiKTeX\2.8\tex\lat
ex\beamer\base\beamerbaseauxtemplates.sty"
Package: beamerbaseauxtemplates 2010/05/01  (rcs-revision efa082c6111d)

("C:\Documents and Settings\Aidan MacNamara\Application Data\MiKTeX\2.8\tex\lat
ex\beamer\base\beamerbaseboxes.sty"
Package: beamerbaseboxes 2010/05/01  (rcs-revision efa082c6111d)
\bmb@box=\box45
\bmb@colorbox=\box46
\bmb@boxshadow=\box47
\bmb@boxshadowball=\box48
\bmb@boxshadowballlarge=\box49
\bmb@temp=\dimen166
\bmb@dima=\dimen167
\bmb@dimb=\dimen168
\bmb@prevheight=\dimen169
)
\beamer@blockheadheight=\dimen170
))
("C:\Documents and Settings\Aidan MacNamara\Application Data\MiKTeX\2.8\tex\lat
ex\beamer\base\beamerbaselocalstructure.sty"
Package: beamerbaselocalstructure 2010/06/01  (rcs-revision 81f9e33f7cc2)

("C:\Program Files\MiKTeX 2.8\tex\latex\tools\enumerate.sty"
Package: enumerate 1999/03/05 v3.00 enumerate extensions (DPC)
\@enLab=\toks26
)
\c@figure=\count137
\c@table=\count138
\abovecaptionskip=\skip49
\belowcaptionskip=\skip50
)
("C:\Documents and Settings\Aidan MacNamara\Application Data\MiKTeX\2.8\tex\lat
ex\beamer\base\beamerbasenavigation.sty"
Package: beamerbasenavigation 2010/05/01  (rcs-revision efa082c6111d)
)
("C:\Documents and Settings\Aidan MacNamara\Application Data\MiKTeX\2.8\tex\lat
ex\beamer\base\beamerbasetheorems.sty"
Package: beamerbasetheorems 2010/06/06  (rcs-revision 7e7cc5e53e9d)

("C:\Program Files\MiKTeX 2.8\tex\latex\ams\math\amsmath.sty"
Package: amsmath 2000/07/18 v2.13 AMS math features
\@mathmargin=\skip51

For additional information on amsmath, use the `?' option.
("C:\Program Files\MiKTeX 2.8\tex\latex\ams\math\amstext.sty"
Package: amstext 2000/06/29 v2.01

("C:\Program Files\MiKTeX 2.8\tex\latex\ams\math\amsgen.sty"
File: amsgen.sty 1999/11/30 v2.0
\@emptytoks=\toks27
\ex@=\dimen171
))
("C:\Program Files\MiKTeX 2.8\tex\latex\ams\math\amsbsy.sty"
Package: amsbsy 1999/11/29 v1.2d
\pmbraise@=\dimen172
)
("C:\Program Files\MiKTeX 2.8\tex\latex\ams\math\amsopn.sty"
Package: amsopn 1999/12/14 v2.01 operator names
)
\inf@bad=\count139
LaTeX Info: Redefining \frac on input line 211.
\uproot@=\count140
\leftroot@=\count141
LaTeX Info: Redefining \overline on input line 307.
\classnum@=\count142
\DOTSCASE@=\count143
LaTeX Info: Redefining \ldots on input line 379.
LaTeX Info: Redefining \dots on input line 382.
LaTeX Info: Redefining \cdots on input line 467.
\Mathstrutbox@=\box50
\strutbox@=\box51
\big@size=\dimen173
LaTeX Font Info:    Redeclaring font encoding OML on input line 567.
LaTeX Font Info:    Redeclaring font encoding OMS on input line 568.
\macc@depth=\count144
\c@MaxMatrixCols=\count145
\dotsspace@=\muskip11
\c@parentequation=\count146
\dspbrk@lvl=\count147
\tag@help=\toks28
\row@=\count148
\column@=\count149
\maxfields@=\count150
\andhelp@=\toks29
\eqnshift@=\dimen174
\alignsep@=\dimen175
\tagshift@=\dimen176
\tagwidth@=\dimen177
\totwidth@=\dimen178
\lineht@=\dimen179
\@envbody=\toks30
\multlinegap=\skip52
\multlinetaggap=\skip53
\mathdisplay@stack=\toks31
LaTeX Info: Redefining \[ on input line 2666.
LaTeX Info: Redefining \] on input line 2667.
)
("C:\Program Files\MiKTeX 2.8\tex\latex\ams\classes\amsthm.sty"
Package: amsthm 2004/08/06 v2.20
\thm@style=\toks32
\thm@bodyfont=\toks33
\thm@headfont=\toks34
\thm@notefont=\toks35
\thm@headpunct=\toks36
\thm@preskip=\skip54
\thm@postskip=\skip55
\thm@headsep=\skip56
\dth@everypar=\toks37
)
\c@theorem=\count151
)
("C:\Documents and Settings\Aidan MacNamara\Application Data\MiKTeX\2.8\tex\lat
ex\beamer\base\beamerbasethemes.sty"
Package: beamerbasethemes 2010/05/01  (rcs-revision efa082c6111d)
))
("C:\Documents and Settings\Aidan MacNamara\Application Data\MiKTeX\2.8\tex\lat
ex\beamer\base\themes\theme\beamerthemedefault.sty"
Package: beamerthemedefault 2010/06/17  (rcs-revision d02a7cf4d8ae)

("C:\Documents and Settings\Aidan MacNamara\Application Data\MiKTeX\2.8\tex\lat
ex\beamer\base\themes\font\beamerfontthemedefault.sty"
Package: beamerfontthemedefault 2010/06/17  (rcs-revision d02a7cf4d8ae)
)
("C:\Documents and Settings\Aidan MacNamara\Application Data\MiKTeX\2.8\tex\lat
ex\beamer\base\themes\color\beamercolorthemedefault.sty"
Package: beamercolorthemedefault 2010/06/17  (rcs-revision d02a7cf4d8ae)
)
("C:\Documents and Settings\Aidan MacNamara\Application Data\MiKTeX\2.8\tex\lat
ex\beamer\base\themes\inner\beamerinnerthemedefault.sty"
Package: beamerinnerthemedefault 2010/06/17  (rcs-revision d02a7cf4d8ae)
\beamer@dima=\dimen180
\beamer@dimb=\dimen181
)
("C:\Documents and Settings\Aidan MacNamara\Application Data\MiKTeX\2.8\tex\lat
ex\beamer\base\themes\outer\beamerouterthemedefault.sty"
Package: beamerouterthemedefault 2010/06/17  (rcs-revision d02a7cf4d8ae)
)))
("C:\Documents and Settings\Aidan MacNamara\Application Data\MiKTeX\2.8\tex\lat
ex\beamer\base\themes\theme\compatibility\beamerthemesplit.sty"
Package: beamerthemesplit 2010/06/17  (rcs-revision d02a7cf4d8ae)

("C:\Documents and Settings\Aidan MacNamara\Application Data\MiKTeX\2.8\tex\lat
ex\beamer\base\themes\color\beamercolorthemewhale.sty"
Package: beamercolorthemewhale 2010/06/17  (rcs-revision d02a7cf4d8ae)
)
("C:\Documents and Settings\Aidan MacNamara\Application Data\MiKTeX\2.8\tex\lat
ex\beamer\base\themes\outer\beamerouterthemesplit.sty"
Package: beamerouterthemesplit 2010/06/17  (rcs-revision d02a7cf4d8ae)
)
("C:\Documents and Settings\Aidan MacNamara\Application Data\MiKTeX\2.8\tex\lat
ex\beamer\base\themes\font\beamerfontthemestructurebold.sty"
Package: beamerfontthemestructurebold 2010/06/17  (rcs-revision d02a7cf4d8ae)
))
("C:\Documents and Settings\Aidan MacNamara\Application Data\MiKTeX\2.8\tex\lat
ex\beamer\base\themes\theme\beamerthemeJuanLesPins.sty"
Package: beamerthemeJuanLesPins 2010/06/17  (rcs-revision d02a7cf4d8ae)

("C:\Documents and Settings\Aidan MacNamara\Application Data\MiKTeX\2.8\tex\lat
ex\beamer\base\themes\outer\beamerouterthemesmoothtree.sty"
Package: beamerouterthemesmoothtree 2010/06/17  (rcs-revision d02a7cf4d8ae)
)
("C:\Documents and Settings\Aidan MacNamara\Application Data\MiKTeX\2.8\tex\lat
ex\beamer\base\themes\color\beamercolorthemeorchid.sty"
Package: beamercolorthemeorchid 2010/06/17  (rcs-revision d02a7cf4d8ae)
)
("C:\Documents and Settings\Aidan MacNamara\Application Data\MiKTeX\2.8\tex\lat
ex\beamer\base\themes\inner\beamerinnerthemerounded.sty"
Package: beamerinnerthemerounded 2010/06/17  (rcs-revision d02a7cf4d8ae)
))
("C:\Documents and Settings\Aidan MacNamara\Application Data\MiKTeX\2.8\tex\lat
ex\moreverb\moreverb.sty"
Package: moreverb 2008/06/03 v2.3 `more' verbatim facilities

("C:\Program Files\MiKTeX 2.8\tex\latex\tools\verbatim.sty"
Package: verbatim 2003/08/22 v1.5q LaTeX2e package for verbatim enhancements
\every@verbatim=\toks38
\verbatim@line=\toks39
\verbatim@in@stream=\read1
)
\verbatim@out=\write4
\tab@position=\count152
\tab@size=\count153
\listing@line=\count154
)
("C:\Program Files\MiKTeX 2.8\tex\latex\graphics\epsfig.sty"
Package: epsfig 1999/02/16 v1.7a (e)psfig emulation (SPQR)
\epsfxsize=\dimen182
\epsfysize=\dimen183
)
("C:\Documents and Settings\Aidan MacNamara\Application Data\MiKTeX\2.8\tex\lat
ex\subfigure\subfigure.sty"
Package: subfigure 2002/07/30 v2.1.4 subfigure package
\subfigtopskip=\skip57
\subfigcapskip=\skip58
\subfigcaptopadj=\dimen184
\subfigbottomskip=\skip59
\subfigcapmargin=\dimen185
\subfiglabelskip=\skip60
\c@subfigure=\count155
\c@lofdepth=\count156
\c@subtable=\count157
\c@lotdepth=\count158

****************************************
* Local config file subfigure.cfg used *
****************************************

("C:\Documents and Settings\Aidan MacNamara\Application Data\MiKTeX\2.8\tex\lat
ex\subfigure\subfigure.cfg")
\subfig@top=\skip61
\subfig@bottom=\skip62
)
("C:\Documents and Settings\Aidan MacNamara\Application Data\MiKTeX\2.8\tex\lat
ex\textpos\textpos.sty"
Package: textpos 2009/05/28 v1.7f

Package: `textpos' 1.7f <2009 May 28>
\TP@textbox=\box52
\TPHorizModule=\dimen186
\TPVertModule=\dimen187
\TP@margin=\dimen188
\TP@absmargin=\dimen189
Grid set 16 x 16 = 22.7622pt x 17.07166pt
\TPboxrulesize=\dimen190
\TP@tbargs=\toks40
\TP@prevdepth=\dimen191
) ("C:\Program Files\MiKTeX 2.8\tex\latex\tools\longtable.sty"
Package: longtable 2004/02/01 v4.11 Multi-page Table package (DPC)
\LTleft=\skip63
\LTright=\skip64
\LTpre=\skip65
\LTpost=\skip66
\LTchunksize=\count159
\LTcapwidth=\dimen192
\LT@head=\box53
\LT@firsthead=\box54
\LT@foot=\box55
\LT@lastfoot=\box56
\LT@cols=\count160
\LT@rows=\count161
\c@LT@tables=\count162
\c@LT@chunks=\count163
\LT@p@ftn=\toks41
)
("C:\Documents and Settings\Aidan MacNamara\Application Data\MiKTeX\2.8\tex\lat
ex\listings\listings.sty"
\lst@mode=\count164
\lst@gtempboxa=\box57
\lst@token=\toks42
\lst@length=\count165
\lst@currlwidth=\dimen193
\lst@column=\count166
\lst@pos=\count167
\lst@lostspace=\dimen194
\lst@width=\dimen195
\lst@newlines=\count168
\lst@lineno=\count169
\lst@maxwidth=\dimen196

("C:\Documents and Settings\Aidan MacNamara\Application Data\MiKTeX\2.8\tex\lat
ex\listings\lstmisc.sty"
File: lstmisc.sty 2007/02/22 1.4 (Carsten Heinz)
\c@lstnumber=\count170
\lst@skipnumbers=\count171
\lst@framebox=\box58
)
("C:\Documents and Settings\Aidan MacNamara\Application Data\MiKTeX\2.8\tex\lat
ex\listings\listings.cfg"
File: listings.cfg 2007/02/22 1.4 listings configuration
))
Package: listings 2007/02/22 1.4 (Carsten Heinz)

("C:\Program Files\MiKTeX 2.8\tex\latex\multirow\multirow.sty"
\bigstrutjot=\dimen197
)
("C:\Program Files\MiKTeX 2.8\tex\latex\multirow\bigstrut.sty")
("C:\Documents and Settings\Aidan MacNamara\Application Data\MiKTeX\2.8\tex\lat
ex\rotating\rotating.sty"
Package: rotating 2009/03/28 v2.16a rotated objects in LaTeX

("C:\Program Files\MiKTeX 2.8\tex\latex\base\ifthen.sty"
Package: ifthen 2001/05/26 v1.1c Standard LaTeX ifthen package (DPC)
)
\c@r@tfl@t=\count172
\rotFPtop=\skip67
\rotFPbot=\skip68
\rot@float@box=\box59
\rot@mess@toks=\toks43
)
("C:\Documents and Settings\Aidan MacNamara\Application Data\MiKTeX\2.8\tex\lat
ex\colortbl\colortbl.sty"
Package: colortbl 2001/02/13 v0.1j Color table columns (DPC)

("C:\Program Files\MiKTeX 2.8\tex\latex\tools\array.sty"
Package: array 2008/09/09 v2.4c Tabular extension package (FMi)
\col@sep=\dimen198
\extrarowheight=\dimen199
\NC@list=\toks44
\extratabsurround=\skip69
\backup@length=\skip70
)
\everycr=\toks45
\minrowclearance=\skip71
)
("C:\Documents and Settings\Aidan MacNamara\Application Data\MiKTeX\2.8\tex\lat
ex\tabulary\tabulary.sty"
Package: tabulary 2008/12/01 v0.9 tabulary package (DPC)
\TY@count=\count173
\TY@linewidth=\dimen200
\tymin=\dimen201
\tymax=\dimen202
\TY@tablewidth=\dimen203
)

Package hyperref Warning: Token not allowed in a PDF string (PDFDocEncoding):
(hyperref)                removing `\\' on input line 35.


("C:\Documents and Settings\Aidan MacNamara\My Documents\Z Backup\Thesis Templa
te\ThesisPres\pres.aux")
LaTeX Font Info:    Checking defaults for OML/cmm/m/it on input line 38.
LaTeX Font Info:    ... okay on input line 38.
LaTeX Font Info:    Checking defaults for T1/cmr/m/n on input line 38.
LaTeX Font Info:    ... okay on input line 38.
LaTeX Font Info:    Checking defaults for OT1/cmr/m/n on input line 38.
LaTeX Font Info:    ... okay on input line 38.
LaTeX Font Info:    Checking defaults for OMS/cmsy/m/n on input line 38.
LaTeX Font Info:    ... okay on input line 38.
LaTeX Font Info:    Checking defaults for OMX/cmex/m/n on input line 38.
LaTeX Font Info:    ... okay on input line 38.
LaTeX Font Info:    Checking defaults for U/cmr/m/n on input line 38.
LaTeX Font Info:    ... okay on input line 38.
LaTeX Font Info:    Checking defaults for PD1/pdf/m/n on input line 38.
LaTeX Font Info:    ... okay on input line 38.

*geometry* driver: auto-detecting
*geometry* detected driver: pdftex
*geometry* verbose mode - [ preamble ] result:
* driver: pdftex
* paper: 364.19536pt, 273.14662pt (class default)
* layout: 364.19536pt, 273.14662pt
* switch(es): includehead includefoot 
* h-part:(L,W,R)=(28.45274pt, 307.28987pt, 28.45274pt)
* v-part:(T,H,B)=(0.0pt, 273.14662pt, 0.0pt)
* \paperwidth=364.19536pt
* \paperheight=273.14662pt
* \textwidth=307.28987pt
* \textheight=244.6939pt
* \oddsidemargin=-43.81725pt
* \evensidemargin=-43.81725pt
* \topmargin=-72.26999pt
* \headheight=14.22636pt
* \headsep=0.0pt
* \footskip=14.22636pt
* \marginparwidth=4.0pt
* \marginparsep=10.0pt
* \columnsep=10.0pt
* \skip\footins=10.0pt plus 4.0pt minus 2.0pt
* \hoffset=0.0pt
* \voffset=0.0pt
* \mag=1000
* \@twocolumnfalse
* \@twosidefalse
* \@mparswitchfalse
* \@reversemarginfalse
* (1in=72.27pt, 1cm=28.453pt)

("C:\Program Files\MiKTeX 2.8\tex\context\base\supp-pdf.tex"
[Loading MPS to PDF converter (version 2006.09.02).]
\scratchcounter=\count174
\scratchdimen=\dimen204
\scratchbox=\box60
\nofMPsegments=\count175
\nofMParguments=\count176
\everyMPshowfont=\toks46
\MPscratchCnt=\count177
\MPscratchDim=\dimen205
\MPnumerator=\count178
\everyMPtoPDFconversion=\toks47
)
\AtBeginShipoutBox=\box61
Package hyperref Info: Link coloring OFF on input line 38.
 ("C:\Program Files\MiKTeX 2.8\tex\latex\hyperref\nameref.sty"
Package: nameref 2010/01/25 v2.36 Cross-referencing by name of section

("C:\Program Files\MiKTeX 2.8\tex\latex\oberdiek\refcount.sty"
Package: refcount 2008/08/11 v3.1 Data extraction from references (HO)
)
("C:\Program Files\MiKTeX 2.8\tex\generic\oberdiek\gettitlestring.sty"
Package: gettitlestring 2009/12/18 v1.3 Cleanup title references (HO)
)
\c@section@level=\count179
)
LaTeX Info: Redefining \ref on input line 38.
LaTeX Info: Redefining \pageref on input line 38.

("C:\Documents and Settings\Aidan MacNamara\My Documents\Z Backup\Thesis Templa
te\ThesisPres\pres.out")
("C:\Documents and Settings\Aidan MacNamara\My Documents\Z Backup\Thesis Templa
te\ThesisPres\pres.out")
\@outlinefile=\write5
LaTeX Font Info:    Overwriting symbol font `operators' in version `normal'
(Font)                  OT1/cmr/m/n --> OT1/cmss/m/n on input line 38.
LaTeX Font Info:    Overwriting symbol font `operators' in version `bold'
(Font)                  OT1/cmr/bx/n --> OT1/cmss/bx/n on input line 38.
\symnumbers=\mathgroup6
\sympureletters=\mathgroup7
LaTeX Font Info:    Overwriting math alphabet `\mathrm' in version `normal'
(Font)                  OT1/cmss/m/n --> OT1/cmr/m/n on input line 38.
LaTeX Font Info:    Redeclaring math alphabet \mathbf on input line 38.
LaTeX Font Info:    Overwriting math alphabet `\mathbf' in version `normal'
(Font)                  OT1/cmr/bx/n --> OT1/cmss/bx/n on input line 38.
LaTeX Font Info:    Overwriting math alphabet `\mathbf' in version `bold'
(Font)                  OT1/cmr/bx/n --> OT1/cmss/bx/n on input line 38.
LaTeX Font Info:    Redeclaring math alphabet \mathsf on input line 38.
LaTeX Font Info:    Overwriting math alphabet `\mathsf' in version `normal'
(Font)                  OT1/cmss/m/n --> OT1/cmss/m/n on input line 38.
LaTeX Font Info:    Overwriting math alphabet `\mathsf' in version `bold'
(Font)                  OT1/cmss/bx/n --> OT1/cmss/m/n on input line 38.
LaTeX Font Info:    Redeclaring math alphabet \mathit on input line 38.
LaTeX Font Info:    Overwriting math alphabet `\mathit' in version `normal'
(Font)                  OT1/cmr/m/it --> OT1/cmss/m/it on input line 38.
LaTeX Font Info:    Overwriting math alphabet `\mathit' in version `bold'
(Font)                  OT1/cmr/bx/it --> OT1/cmss/m/it on input line 38.
LaTeX Font Info:    Redeclaring math alphabet \mathtt on input line 38.
LaTeX Font Info:    Overwriting math alphabet `\mathtt' in version `normal'
(Font)                  OT1/cmtt/m/n --> OT1/cmtt/m/n on input line 38.
LaTeX Font Info:    Overwriting math alphabet `\mathtt' in version `bold'
(Font)                  OT1/cmtt/m/n --> OT1/cmtt/m/n on input line 38.
LaTeX Font Info:    Overwriting symbol font `numbers' in version `bold'
(Font)                  OT1/cmss/m/n --> OT1/cmss/bx/n on input line 38.
LaTeX Font Info:    Overwriting symbol font `pureletters' in version `bold'
(Font)                  OT1/cmss/m/it --> OT1/cmss/bx/it on input line 38.
LaTeX Font Info:    Overwriting math alphabet `\mathrm' in version `bold'
(Font)                  OT1/cmss/bx/n --> OT1/cmr/bx/n on input line 38.
LaTeX Font Info:    Overwriting math alphabet `\mathbf' in version `bold'
(Font)                  OT1/cmss/bx/n --> OT1/cmss/bx/n on input line 38.
LaTeX Font Info:    Overwriting math alphabet `\mathsf' in version `bold'
(Font)                  OT1/cmss/m/n --> OT1/cmss/bx/n on input line 38.
LaTeX Font Info:    Overwriting math alphabet `\mathit' in version `bold'
(Font)                  OT1/cmss/m/it --> OT1/cmss/bx/it on input line 38.
LaTeX Font Info:    Overwriting math alphabet `\mathtt' in version `bold'
(Font)                  OT1/cmtt/m/n --> OT1/cmtt/bx/n on input line 38.

("C:\Documents and Settings\Aidan MacNamara\Application Data\MiKTeX\2.8\tex\lat
ex\beamer\base\translator\dicts\translator-basic-dictionary\translator-basic-di
ctionary-English.dict"
Dictionary: translator-basic-dictionary, Language: English 
)
("C:\Documents and Settings\Aidan MacNamara\Application Data\MiKTeX\2.8\tex\lat
ex\beamer\base\translator\dicts\translator-bibliography-dictionary\translator-b
ibliography-dictionary-English.dict"
Dictionary: translator-bibliography-dictionary, Language: English 
)
("C:\Documents and Settings\Aidan MacNamara\Application Data\MiKTeX\2.8\tex\lat
ex\beamer\base\translator\dicts\translator-environment-dictionary\translator-en
vironment-dictionary-English.dict"
Dictionary: translator-environment-dictionary, Language: English 
)
("C:\Documents and Settings\Aidan MacNamara\Application Data\MiKTeX\2.8\tex\lat
ex\beamer\base\translator\dicts\translator-months-dictionary\translator-months-
dictionary-English.dict"
Dictionary: translator-months-dictionary, Language: English 
)
("C:\Documents and Settings\Aidan MacNamara\Application Data\MiKTeX\2.8\tex\lat
ex\beamer\base\translator\dicts\translator-numbers-dictionary\translator-number
s-dictionary-English.dict"
Dictionary: translator-numbers-dictionary, Language: English 
)
("C:\Documents and Settings\Aidan MacNamara\Application Data\MiKTeX\2.8\tex\lat
ex\beamer\base\translator\dicts\translator-theorem-dictionary\translator-theore
m-dictionary-English.dict"
Dictionary: translator-theorem-dictionary, Language: English 
)
\c@lstlisting=\count180

("C:\Documents and Settings\Aidan MacNamara\My Documents\Z Backup\Thesis Templa
te\ThesisPres\pres.nav")
LaTeX Font Info:    Font shape `OT1/cmtt/bx/n' in size <6> not available
(Font)              Font shape `OT1/cmtt/m/n' tried instead on input line 38.


LaTeX Font Warning: Font shape `OT1/cmss/bx/n' in size <4> not available
(Font)              size <5> substituted on input line 40.


LaTeX Font Warning: Font shape `OT1/cmss/m/n' in size <4> not available
(Font)              size <5> substituted on input line 40.

[1{C:/Documents and Settings/Aidan MacNamara/Local Settings/Application Data/Mi
KTeX/2.8/pdftex/config/pdftex.map}

]
("C:\Documents and Settings\Aidan MacNamara\My Documents\Z Backup\Thesis Templa
te\ThesisPres\pres.toc") [2

]
LaTeX Font Info:    Try loading font information for U+msa on input line 70.

("C:\Program Files\MiKTeX 2.8\tex\latex\amsfonts\umsa.fd"
File: umsa.fd 2009/06/22 v3.00 AMS symbols A
)
LaTeX Font Info:    Try loading font information for U+msb on input line 70.

("C:\Program Files\MiKTeX 2.8\tex\latex\amsfonts\umsb.fd"
File: umsb.fd 2009/06/22 v3.00 AMS symbols B
) [3

 <C:/Documents and Settings/Aidan MacNamara/My Documents/Z Backup/Thesis Templa
te/ThesisPres/images/htlv.pdf>] [4

] [5

] [6

 <C:/Documents and Settings/Aidan MacNamara/My Documents/Z Backup/Thesis Templa
te/ThesisPres/images/mhc1.pdf> <C:/Documents and Settings/Aidan MacNamara/My Do
cuments/Z Backup/Thesis Template/ThesisPres/images/mhc2.pdf>] [7

 <C:/Documents and Settings/Aidan MacNamara/My Documents/Z Backup/Thesis Templa
te/ThesisPres/images/mhc3.pdf>] [8

 <C:/Documents and Settings/Aidan MacNamara/My Documents/Z Backup/Thesis Templa
te/ThesisPres/images/mhc3.pdf>]
[9

] [10

] [11

 <C:/Documents and Settings/Aidan MacNamara/My Documents/Z Backup/Thesis Templa
te/ThesisPres/images/pred.pdf>] [12

 <C:/Documents and Settings/Aidan MacNamara/My Documents/Z Backup/Thesis Templa
te/ThesisPres/images/pred.pdf>]
Overfull \hbox (9.3159pt too wide) in paragraph at lines 286--286
 [] 
 []

[13

]
Overfull \hbox (9.3159pt too wide) in paragraph at lines 286--286
 [] 
 []

[14

] [15

 <C:/Documents and Settings/Aidan MacNamara/My Documents/Z Backup/Thesis Templa
te/ThesisPres/images/figure_1.pdf>] [16

] [17

] [18

 <C:/Documents and Settings/Aidan MacNamara/My Documents/Z Backup/Thesis Templa
te/ThesisPres/images/figure_2.pdf>] [19

 <C:/Documents and Settings/Aidan MacNamara/My Documents/Z Backup/Thesis Templa
te/ThesisPres/images/figure_2.pdf>] [20

] [21

 <C:/Documents and Settings/Aidan MacNamara/My Documents/Z Backup/Thesis Templa
te/ThesisPres/images/figure_3.pdf>] [22

 <C:/Documents and Settings/Aidan MacNamara/My Documents/Z Backup/Thesis Templa
te/ThesisPres/images/figure_3.pdf>] [23

] [24

 <C:/Documents and Settings/Aidan MacNamara/My Documents/Z Backup/Thesis Templa
te/ThesisPres/images/figure_4.pdf>] [25

] [26

 <C:/Documents and Settings/Aidan MacNamara/My Documents/Z Backup/Thesis Templa
te/ThesisPres/images/figure_5.pdf>] [27

] [28

]
[29

] [30

] [31

 <C:/Documents and Settings/Aidan MacNamara/My Documents/Z Backup/Thesis Templa
te/ThesisPres/images/exper.pdf>] [32

] [33

 <C:/Documents and Settings/Aidan MacNamara/My Documents/Z Backup/Thesis Templa
te/ThesisPres/images/assay.pdf>] [34

 <C:/Documents and Settings/Aidan MacNamara/My Documents/Z Backup/Thesis Templa
te/ThesisPres/images/figure_timecourse_hap.pdf> <C:/Documents and Settings/Aida
n MacNamara/My Documents/Z Backup/Thesis Template/ThesisPres/images/figure_lysi
s_hap_rep_1.pdf>] [35

 <C:/Documents and Settings/Aidan MacNamara/My Documents/Z Backup/Thesis Templa
te/ThesisPres/images/figure_timecourse_hap.pdf> <C:/Documents and Settings/Aida
n MacNamara/My Documents/Z Backup/Thesis Template/ThesisPres/images/figure_lysi
s_hap_rep_1.pdf>] [36

 <C:/Documents and Settings/Aidan MacNamara/My Documents/Z Backup/Thesis Templa
te/ThesisPres/images/pairedEpsilon.pdf>] [37

 <C:/Documents and Settings/Aidan MacNamara/My Documents/Z Backup/Thesis Templa
te/ThesisPres/images/pred.pdf> <C:/Documents and Settings/Aidan MacNamara/My Do
cuments/Z Backup/Thesis Template/ThesisPres/images/figure_1_conclusion.pdf> <C:
/Documents and Settings/Aidan MacNamara/My Documents/Z Backup/Thesis Template/T
hesisPres/images/figure_2.pdf> <C:/Documents and Settings/Aidan MacNamara/My Do
cuments/Z Backup/Thesis Template/ThesisPres/images/figure_3.pdf>] [38

 <C:/Documents and Settings/Aidan MacNamara/My Documents/Z Backup/Thesis Templa
te/ThesisPres/images/figure_4.pdf> <C:/Documents and Settings/Aidan MacNamara/M
y Documents/Z Backup/Thesis Template/ThesisPres/images/figure_5.pdf> <C:/Docume
nts and Settings/Aidan MacNamara/My Documents/Z Backup/Thesis Template/ThesisPr
es/images/exper.pdf> <C:/Documents and Settings/Aidan MacNamara/My Documents/Z 
Backup/Thesis Template/ThesisPres/images/figure_lysis_hap_rep_1.pdf>]
[39

 <C:/Documents and Settings/Aidan MacNamara/My Documents/Z Backup/Thesis Templa
te/ThesisPres/images/wellcome.pdf>]
\tf@nav=\write6
\tf@toc=\write7
\tf@snm=\write8
Package atveryend Info: Empty hook `BeforeClearDocument' on input line 796.
Package atveryend Info: Empty hook `AfterLastShipout' on input line 796.

("C:\Documents and Settings\Aidan MacNamara\My Documents\Z Backup\Thesis Templa
te\ThesisPres\pres.aux")
Package atveryend Info: Executing hook `AtVeryEndDocument' on input line 796.
Package rerunfilecheck Info: File `pres.out' has not changed.
(rerunfilecheck)             Checksum: 771F3759E47BE25540803B04B51866F5;814.


LaTeX Font Warning: Size substitutions with differences
(Font)              up to 1.0pt have occurred.

 ) 
Here is how much of TeX's memory you used:
 15659 strings out of 495285
 287703 string characters out of 3180310
 373187 words of memory out of 3000000
 18287 multiletter control sequences out of 15000+200000
 18647 words of font info for 70 fonts, out of 3000000 for 9000
 14 hyphenation exceptions out of 8191
 48i,16n,62p,312b,965s stack positions out of 5000i,500n,10000p,200000b,50000s
pdfTeX warning (dest): name{Navigation40} has been referenced but does not ex
ist, replaced by a fixed one

<C:/Program Files/MiKTeX 2.8/fonts/type1/public/amsfonts/cm/cmmi10.pfb><C:/Prog
ram Files/MiKTeX 2.8/fonts/type1/public/amsfonts/cm/cmss10.pfb><C:/Program File
s/MiKTeX 2.8/fonts/type1/public/amsfonts/cm/cmss12.pfb><C:/Program Files/MiKTeX
 2.8/fonts/type1/public/amsfonts/cm/cmss8.pfb><C:/Program Files/MiKTeX 2.8/font
s/type1/public/amsfonts/cm/cmss9.pfb><C:/Program Files/MiKTeX 2.8/fonts/type1/p
ublic/amsfonts/cm/cmssbx10.pfb><C:/Program Files/MiKTeX 2.8/fonts/type1/public/
amsfonts/cm/cmssi10.pfb><C:/Program Files/MiKTeX 2.8/fonts/type1/public/amsfont
s/cm/cmssi8.pfb><C:/Program Files/MiKTeX 2.8/fonts/type1/public/amsfonts/cm/cms
y10.pfb><C:/Program Files/MiKTeX 2.8/fonts/type1/public/amsfonts/cm/cmtt10.pfb>
<C:/Program Files/MiKTeX 2.8/fonts/type1/public/amsfonts/cm/cmtt8.pfb>
Output written on pres.pdf (39 pages, 1813862 bytes).
PDF statistics:
 1431 PDF objects out of 1440 (max. 8388607)
 95 named destinations out of 1000 (max. 500000)
 347 words of extra memory for PDF output out of 10000 (max. 10000000)

