\BOOKMARK [0][-]{dummy.1}{\376\377\000D\000e\000c\000l\000a\000r\000a\000t\000i\000o\000n\000\040\000o\000f\000\040\000A\000u\000t\000h\000o\000r\000s\000h\000i\000p}{}
\BOOKMARK [0][-]{dummy.2}{\376\377\000A\000b\000s\000t\000r\000a\000c\000t}{}
\BOOKMARK [0][-]{dummy.3}{\376\377\000A\000c\000k\000n\000o\000w\000l\000e\000d\000g\000e\000m\000e\000n\000t\000s}{}
\BOOKMARK [0][-]{dummy.5}{\376\377\000L\000i\000s\000t\000\040\000o\000f\000\040\000F\000i\000g\000u\000r\000e\000s}{}
\BOOKMARK [0][-]{dummy.7}{\376\377\000L\000i\000s\000t\000\040\000o\000f\000\040\000T\000a\000b\000l\000e\000s}{}
\BOOKMARK [0][-]{dummy.9}{\376\377\000A\000b\000b\000r\000e\000v\000i\000a\000t\000i\000o\000n\000s}{}
\BOOKMARK [0][-]{dummy.12}{\376\377\000S\000y\000m\000b\000o\000l\000s}{}
\BOOKMARK [0][-]{chapter.15}{\376\377\0001\000\040\000A\000i\000m\000\040\000a\000n\000d\000\040\000O\000v\000e\000r\000v\000i\000e\000w}{}
\BOOKMARK [1][-]{section.16}{\376\377\0001\000.\0001\000\040\000I\000n\000t\000r\000o\000d\000u\000c\000t\000i\000o\000n}{chapter.15}
\BOOKMARK [1][-]{section.17}{\376\377\0001\000.\0002\000\040\000P\000h\000D\000\040\000D\000e\000s\000i\000g\000n}{chapter.15}
\BOOKMARK [2][-]{subsection.18}{\376\377\0001\000.\0002\000.\0001\000\040\000I\000d\000e\000n\000t\000i\000f\000y\000i\000n\000g\000\040\000A\000l\000l\000e\000l\000e\000s\000\040\000A\000s\000s\000o\000c\000i\000a\000t\000e\000d\000\040\000w\000i\000t\000h\000\040\000R\000i\000s\000k\000\040\000o\000r\000\040\000P\000r\000e\000v\000e\000n\000t\000i\000o\000n\000\040\000i\000n\000\040\000H\000T\000L\000V\000-\000I\000\040\000I\000n\000f\000e\000c\000t\000i\000o\000n}{section.17}
\BOOKMARK [2][-]{subsection.19}{\376\377\0001\000.\0002\000.\0002\000\040\000E\000p\000i\000t\000o\000p\000e\000\040\000P\000r\000e\000d\000i\000c\000t\000i\000o\000n}{section.17}
\BOOKMARK [2][-]{subsection.20}{\376\377\0001\000.\0002\000.\0003\000\040\000T\000h\000e\000\040\000P\000r\000o\000p\000e\000r\000t\000i\000e\000s\000\040\000o\000f\000\040\000H\000L\000A\000\040\000c\000l\000a\000s\000s\000\040\000I\000\040\000A\000l\000l\000e\000l\000e\000s\000\040\000A\000s\000s\000o\000c\000i\000a\000t\000e\000d\000\040\000w\000i\000t\000h\000\040\000D\000i\000s\000e\000a\000s\000e\000\040\000O\000u\000t\000c\000o\000m\000e}{section.17}
\BOOKMARK [2][-]{subsection.21}{\376\377\0001\000.\0002\000.\0004\000\040\000M\000o\000d\000e\000l\000l\000i\000n\000g\000\040\000C\000T\000L\000\040\000E\000f\000f\000i\000c\000i\000e\000n\000c\000y\000\040\000i\000n\000\040\000T\000e\000r\000m\000s\000\040\000o\000f\000\040\000T\000a\000x\000\040\000E\000x\000p\000r\000e\000s\000s\000i\000o\000n}{section.17}
\BOOKMARK [2][-]{subsection.22}{\376\377\0001\000.\0002\000.\0005\000\040\000H\000L\000A\000\040\000C\000l\000a\000s\000s\000\040\000I\000\040\000A\000l\000l\000e\000l\000e\000s\000\040\000a\000n\000d\000\040\000K\000I\000R\000\040\000G\000e\000n\000o\000t\000y\000p\000e}{section.17}
\BOOKMARK [0][-]{chapter.23}{\376\377\0002\000\040\000I\000n\000t\000r\000o\000d\000u\000c\000t\000i\000o\000n}{}
\BOOKMARK [1][-]{section.24}{\376\377\0002\000.\0001\000\040\000H\000T\000L\000V\000-\000I}{chapter.23}
\BOOKMARK [2][-]{subsection.25}{\376\377\0002\000.\0001\000.\0001\000\040\000V\000i\000r\000o\000l\000o\000g\000y}{section.24}
\BOOKMARK [2][-]{subsection.27}{\376\377\0002\000.\0001\000.\0002\000\040\000E\000p\000i\000d\000e\000m\000i\000o\000l\000o\000g\000y}{section.24}
\BOOKMARK [1][-]{section.29}{\376\377\0002\000.\0002\000\040\000H\000T\000L\000V\000-\000I\000\040\000A\000s\000s\000o\000c\000i\000a\000t\000e\000d\000\040\000D\000i\000s\000e\000a\000s\000e\000s}{chapter.23}
\BOOKMARK [2][-]{subsection.30}{\376\377\0002\000.\0002\000.\0001\000\040\000H\000T\000L\000V\000-\000I\000\040\000A\000s\000s\000o\000c\000i\000a\000t\000e\000d\000\040\000M\000y\000e\000l\000o\000p\000a\000t\000h\000y\000/\000\040\000T\000r\000o\000p\000i\000c\000a\000l\000\040\000S\000p\000a\000s\000t\000i\000c\000\040\000P\000a\000r\000a\000p\000a\000r\000e\000s\000i\000s\000\040\000\050\000H\000A\000M\000/\000T\000S\000P\000\051}{section.29}
\BOOKMARK [3][-]{subsubsection.31}{\376\377\0002\000.\0002\000.\0001\000.\0001\000\040\000P\000a\000t\000h\000o\000l\000o\000g\000y}{subsection.30}
\BOOKMARK [3][-]{subsubsection.32}{\376\377\0002\000.\0002\000.\0001\000.\0002\000\040\000P\000r\000e\000s\000e\000n\000t\000a\000t\000i\000o\000n}{subsection.30}
\BOOKMARK [3][-]{subsubsection.33}{\376\377\0002\000.\0002\000.\0001\000.\0003\000\040\000T\000r\000e\000a\000t\000m\000e\000n\000t}{subsection.30}
\BOOKMARK [2][-]{subsection.34}{\376\377\0002\000.\0002\000.\0002\000\040\000A\000d\000u\000l\000t\000\040\000T\000-\000c\000e\000l\000l\000\040\000L\000e\000u\000k\000a\000e\000m\000i\000a\000/\000L\000y\000m\000p\000h\000o\000m\000a\000\040\000\050\000A\000T\000L\000\051}{section.29}
\BOOKMARK [3][-]{subsubsection.35}{\376\377\0002\000.\0002\000.\0002\000.\0001\000\040\000P\000a\000t\000h\000o\000l\000o\000g\000y}{subsection.34}
\BOOKMARK [3][-]{subsubsection.36}{\376\377\0002\000.\0002\000.\0002\000.\0002\000\040\000P\000r\000e\000s\000e\000n\000t\000a\000t\000i\000o\000n}{subsection.34}
\BOOKMARK [3][-]{subsubsection.37}{\376\377\0002\000.\0002\000.\0002\000.\0003\000\040\000T\000r\000e\000a\000t\000m\000e\000n\000t}{subsection.34}
\BOOKMARK [2][-]{subsection.38}{\376\377\0002\000.\0002\000.\0003\000\040\000O\000t\000h\000e\000r\000\040\000C\000o\000n\000d\000i\000t\000i\000o\000n\000s\000\040\000A\000s\000s\000o\000c\000i\000a\000t\000e\000d\000\040\000w\000i\000t\000h\000\040\000H\000T\000L\000V\000-\000I}{section.29}
\BOOKMARK [1][-]{section.39}{\376\377\0002\000.\0003\000\040\000P\000a\000t\000h\000o\000g\000e\000n\000e\000s\000i\000s\000\040\000o\000f\000\040\000H\000T\000L\000V\000-\000I}{chapter.23}
\BOOKMARK [2][-]{subsection.40}{\376\377\0002\000.\0003\000.\0001\000\040\000B\000a\000c\000k\000g\000r\000o\000u\000n\000d}{section.39}
\BOOKMARK [2][-]{subsection.41}{\376\377\0002\000.\0003\000.\0002\000\040\000G\000e\000n\000o\000t\000y\000p\000e}{section.39}
\BOOKMARK [2][-]{subsection.42}{\376\377\0002\000.\0003\000.\0003\000\040\000T\000h\000e\000\040\000C\000T\000L\000\040\000R\000e\000s\000p\000o\000n\000s\000e\000\040\000t\000o\000\040\000H\000T\000L\000V\000-\000I}{section.39}
\BOOKMARK [2][-]{subsection.44}{\376\377\0002\000.\0003\000.\0004\000\040\000T\000h\000e\000\040\000A\000n\000t\000i\000b\000o\000d\000y\000\040\000R\000e\000s\000p\000o\000n\000s\000e\000\040\000t\000o\000\040\000H\000T\000L\000V\000-\000I}{section.39}
\BOOKMARK [2][-]{subsection.45}{\376\377\0002\000.\0003\000.\0005\000\040\000O\000t\000h\000e\000r\000\040\000I\000m\000m\000u\000n\000e\000\040\000R\000e\000s\000p\000o\000n\000s\000e\000s\000\040\000t\000o\000\040\000H\000T\000L\000V\000-\000I}{section.39}
\BOOKMARK [1][-]{section.46}{\376\377\0002\000.\0004\000\040\000E\000p\000i\000t\000o\000p\000e\000\040\000P\000r\000e\000d\000i\000c\000t\000i\000o\000n}{chapter.23}
\BOOKMARK [0][-]{chapter.47}{\376\377\0003\000\040\000I\000d\000e\000n\000t\000i\000f\000y\000i\000n\000g\000\040\000A\000l\000l\000e\000l\000e\000s\000\040\000A\000s\000s\000o\000c\000i\000a\000t\000e\000d\000\040\000w\000i\000t\000h\000\040\000D\000i\000s\000e\000a\000s\000e\000\040\000S\000t\000a\000t\000u\000s\000\040\000a\000n\000d\000\040\000P\000r\000o\000v\000i\000r\000a\000l\000\040\000L\000o\000a\000d}{}
\BOOKMARK [1][-]{section.48}{\376\377\0003\000.\0001\000\040\000I\000n\000t\000r\000o\000d\000u\000c\000t\000i\000o\000n}{chapter.47}
\BOOKMARK [1][-]{section.49}{\376\377\0003\000.\0002\000\040\000M\000e\000t\000h\000o\000d\000s}{chapter.47}
\BOOKMARK [2][-]{subsection.50}{\376\377\0003\000.\0002\000.\0001\000\040\000T\000h\000e\000\040\000K\000a\000g\000o\000s\000h\000i\000m\000a\000\040\000D\000a\000t\000a\000s\000e\000t}{section.49}
\BOOKMARK [2][-]{subsection.51}{\376\377\0003\000.\0002\000.\0002\000\040\000D\000i\000s\000e\000a\000s\000e\000\040\000R\000i\000s\000k}{section.49}
\BOOKMARK [2][-]{subsection.53}{\376\377\0003\000.\0002\000.\0003\000\040\000P\000r\000o\000v\000i\000r\000a\000l\000\040\000L\000o\000a\000d}{section.49}
\BOOKMARK [1][-]{section.54}{\376\377\0003\000.\0003\000\040\000R\000e\000s\000u\000l\000t\000s}{chapter.47}
\BOOKMARK [2][-]{subsection.55}{\376\377\0003\000.\0003\000.\0001\000\040\000P\000r\000o\000v\000i\000r\000a\000l\000\040\000L\000o\000a\000d}{section.54}
\BOOKMARK [2][-]{subsection.56}{\376\377\0003\000.\0003\000.\0002\000\040\000D\000i\000s\000e\000a\000s\000e\000\040\000R\000i\000s\000k}{section.54}
\BOOKMARK [1][-]{section.61}{\376\377\0003\000.\0004\000\040\000D\000i\000s\000c\000u\000s\000s\000i\000o\000n}{chapter.47}
\BOOKMARK [0][-]{chapter.62}{\376\377\0004\000\040\000R\000e\000s\000c\000a\000l\000i\000n\000g\000\040\000i\000n\000\040\000T\000-\000c\000e\000l\000l\000\040\000E\000p\000i\000t\000o\000p\000e\000\040\000P\000r\000e\000d\000i\000c\000t\000i\000o\000n}{}
\BOOKMARK [1][-]{section.63}{\376\377\0004\000.\0001\000\040\000I\000n\000t\000r\000o\000d\000u\000c\000t\000i\000o\000n}{chapter.62}
\BOOKMARK [1][-]{section.64}{\376\377\0004\000.\0002\000\040\000M\000e\000t\000h\000o\000d\000s}{chapter.62}
\BOOKMARK [2][-]{subsection.65}{\376\377\0004\000.\0002\000.\0001\000\040\000P\000r\000e\000d\000i\000c\000t\000i\000o\000n\000\040\000M\000e\000t\000h\000o\000d\000\040\000O\000u\000t\000p\000u\000t\000s}{section.64}
\BOOKMARK [2][-]{subsection.66}{\376\377\0004\000.\0002\000.\0002\000\040\000D\000a\000t\000a\000s\000e\000t\000s}{section.64}
\BOOKMARK [3][-]{subsubsection.67}{\376\377\0004\000.\0002\000.\0002\000.\0001\000\040\000T\000h\000e\000\040\000S\000Y\000F\0001\000\040\000D\000a\000t\000a\000s\000e\000t}{subsection.66}
\BOOKMARK [3][-]{subsubsection.68}{\376\377\0004\000.\0002\000.\0002\000.\0002\000\040\000T\000h\000e\000\040\000L\000a\000n\000l\0006\0006\0001\000\040\000D\000a\000t\000a\000s\000e\000t}{subsection.66}
\BOOKMARK [3][-]{subsubsection.69}{\376\377\0004\000.\0002\000.\0002\000.\0003\000\040\000T\000h\000e\000\040\000L\000a\000n\000l\0001\0007\0009\000\040\000D\000a\000t\000a\000s\000e\000t}{subsection.66}
\BOOKMARK [2][-]{subsection.70}{\376\377\0004\000.\0002\000.\0003\000\040\000R\000O\000C\000\040\000C\000u\000r\000v\000e\000s}{section.64}
\BOOKMARK [2][-]{subsection.71}{\376\377\0004\000.\0002\000.\0004\000\040\000O\000t\000h\000e\000r\000\040\000M\000e\000a\000s\000u\000r\000e\000m\000e\000n\000t\000s\000\040\000o\000f\000\040\000P\000e\000r\000f\000o\000r\000m\000a\000n\000c\000e}{section.64}
\BOOKMARK [2][-]{subsection.72}{\376\377\0004\000.\0002\000.\0005\000\040\000O\000t\000h\000e\000r\000\040\000D\000a\000t\000a\000\040\000S\000o\000u\000r\000c\000e\000s}{section.64}
\BOOKMARK [1][-]{section.73}{\376\377\0004\000.\0003\000\040\000R\000e\000s\000u\000l\000t\000s}{chapter.62}
\BOOKMARK [2][-]{subsection.74}{\376\377\0004\000.\0003\000.\0001\000\040\000T\000h\000e\000\040\000E\000f\000f\000e\000c\000t\000\040\000o\000f\000\040\000R\000e\000s\000c\000a\000l\000i\000n\000g\000\040\000o\000n\000\040\000Q\000u\000a\000l\000i\000t\000a\000t\000i\000v\000e\000\040\000E\000p\000i\000t\000o\000p\000e\000\040\000P\000r\000e\000d\000i\000c\000t\000i\000o\000n}{section.73}
\BOOKMARK [2][-]{subsection.77}{\376\377\0004\000.\0003\000.\0002\000\040\000C\000o\000m\000p\000a\000r\000i\000s\000o\000n\000\040\000o\000f\000\040\000R\000e\000s\000c\000a\000l\000e\000\040\000V\000a\000l\000u\000e\000s}{section.73}
\BOOKMARK [2][-]{subsection.80}{\376\377\0004\000.\0003\000.\0003\000\040\000V\000a\000r\000i\000a\000t\000i\000o\000n\000\040\000i\000n\000\040\000R\000e\000s\000c\000a\000l\000e\000\040\000V\000a\000l\000u\000e\000s\000\040\000a\000s\000\040\000a\000\040\000F\000u\000n\000c\000t\000i\000o\000n\000\040\000o\000f\000\040\000A\000c\000c\000u\000r\000a\000c\000y}{section.73}
\BOOKMARK [2][-]{subsection.83}{\376\377\0004\000.\0003\000.\0004\000\040\000O\000t\000h\000e\000r\000\040\000M\000e\000a\000s\000u\000r\000e\000m\000e\000n\000t\000s\000\040\000o\000f\000\040\000P\000e\000r\000f\000o\000r\000m\000a\000n\000c\000e}{section.73}
\BOOKMARK [2][-]{subsection.90}{\376\377\0004\000.\0003\000.\0005\000\040\000T\000h\000e\000\040\000E\000f\000f\000e\000c\000t\000\040\000o\000f\000\040\000R\000e\000s\000c\000a\000l\000i\000n\000g\000\040\000o\000n\000\040\000Q\000u\000a\000n\000t\000i\000t\000a\000t\000i\000v\000e\000\040\000P\000r\000e\000d\000i\000c\000t\000i\000o\000n\000s\000\040\000o\000f\000\040\000B\000i\000n\000d\000i\000n\000g\000\040\000A\000f\000f\000i\000n\000i\000t\000i\000e\000s}{section.73}
\BOOKMARK [2][-]{subsection.93}{\376\377\0004\000.\0003\000.\0006\000\040\000T\000h\000e\000\040\000E\000f\000f\000e\000c\000t\000\040\000o\000f\000\040\000N\000e\000g\000a\000t\000i\000v\000e\000\040\000D\000a\000t\000a\000\040\000V\000o\000l\000u\000m\000e}{section.73}
\BOOKMARK [2][-]{subsection.95}{\376\377\0004\000.\0003\000.\0007\000\040\000I\000s\000\040\000R\000e\000s\000c\000a\000l\000i\000n\000g\000\040\000N\000e\000c\000e\000s\000s\000a\000r\000y\000\040\000t\000o\000\040\000M\000a\000i\000n\000t\000a\000i\000n\000\040\000L\000o\000w\000\040\000V\000a\000r\000i\000a\000t\000i\000o\000n\000\040\000i\000n\000\040\000S\000e\000n\000s\000i\000t\000i\000v\000i\000t\000y\000?}{section.73}
\BOOKMARK [1][-]{section.97}{\376\377\0004\000.\0004\000\040\000P\000r\000o\000d\000u\000c\000i\000n\000g\000\040\000M\000e\000t\000a\000s\000e\000r\000v\000e\000r}{chapter.62}
\BOOKMARK [1][-]{section.100}{\376\377\0004\000.\0005\000\040\000D\000i\000s\000c\000u\000s\000s\000i\000o\000n}{chapter.62}
\BOOKMARK [0][-]{chapter.101}{\376\377\0005\000\040\000T\000h\000e\000\040\000P\000r\000e\000d\000i\000c\000t\000i\000o\000n\000\040\000o\000f\000\040\000D\000i\000s\000e\000a\000s\000e\000\040\000F\000r\000o\000m\000\040\000P\000e\000p\000t\000i\000d\000e\000\040\000B\000i\000n\000d\000i\000n\000g\000\040\000A\000f\000f\000i\000n\000i\000t\000i\000e\000s}{}
\BOOKMARK [1][-]{section.102}{\376\377\0005\000.\0001\000\040\000I\000n\000t\000r\000o\000d\000u\000c\000t\000i\000o\000n}{chapter.101}
\BOOKMARK [2][-]{subsection.103}{\376\377\0005\000.\0001\000.\0001\000\040\000H\000o\000w\000\040\000c\000a\000n\000\040\000C\000D\0008\000+\000\040\000c\000e\000l\000l\000\040\000p\000r\000o\000t\000e\000c\000t\000i\000v\000e\000\040\000e\000f\000f\000i\000c\000a\000c\000y\000\040\000b\000e\000\040\000q\000u\000a\000n\000t\000i\000f\000i\000e\000d\000?}{section.102}
\BOOKMARK [1][-]{section.104}{\376\377\0005\000.\0002\000\040\000M\000e\000t\000h\000o\000d\000s}{chapter.101}
\BOOKMARK [2][-]{subsection.105}{\376\377\0005\000.\0002\000.\0001\000\040\000E\000p\000i\000t\000o\000p\000e\000\040\000P\000r\000e\000d\000i\000c\000t\000i\000o\000n}{section.104}
\BOOKMARK [3][-]{subsubsection.106}{\376\377\0005\000.\0002\000.\0001\000.\0001\000\040\000M\000e\000t\000a\000s\000e\000r\000v\000e\000r}{subsection.105}
\BOOKMARK [3][-]{subsubsection.107}{\376\377\0005\000.\0002\000.\0001\000.\0002\000\040\000E\000p\000i\000p\000r\000e\000d}{subsection.105}
\BOOKMARK [2][-]{subsection.108}{\376\377\0005\000.\0002\000.\0002\000\040\000E\000p\000i\000t\000o\000p\000e\000\040\000P\000r\000e\000d\000i\000c\000t\000i\000o\000n\000\040\000-\000\040\000A\000l\000l\000e\000l\000e\000\040\000C\000o\000v\000e\000r\000a\000g\000e}{section.104}
\BOOKMARK [2][-]{subsection.110}{\376\377\0005\000.\0002\000.\0003\000\040\000P\000r\000e\000d\000i\000c\000t\000i\000o\000n\000\040\000Q\000u\000a\000l\000i\000t\000y}{section.104}
\BOOKMARK [2][-]{subsection.111}{\376\377\0005\000.\0002\000.\0004\000\040\000T\000h\000e\000\040\000R\000a\000n\000k\000\040\000M\000e\000a\000s\000u\000r\000e}{section.104}
\BOOKMARK [2][-]{subsection.113}{\376\377\0005\000.\0002\000.\0005\000\040\000I\000n\000d\000e\000p\000e\000n\000d\000e\000n\000c\000e\000\040\000o\000f\000\040\000R\000a\000n\000k\000s}{section.104}
\BOOKMARK [2][-]{subsection.114}{\376\377\0005\000.\0002\000.\0006\000\040\000E\000x\000p\000e\000r\000i\000m\000e\000n\000t\000a\000l\000\040\000Q\000u\000a\000n\000t\000i\000f\000i\000c\000a\000t\000i\000o\000n\000\040\000o\000f\000\040\000H\000L\000A\000\040\000C\000l\000a\000s\000s\000\040\000I\000\040\000-\000\040\000P\000e\000p\000t\000i\000d\000e\000\040\000B\000i\000n\000d\000i\000n\000g}{section.104}
\BOOKMARK [2][-]{subsection.115}{\376\377\0005\000.\0002\000.\0007\000\040\000P\000r\000o\000t\000e\000c\000t\000i\000v\000e\000\040\000v\000e\000r\000s\000u\000s\000\040\000D\000e\000t\000r\000i\000m\000e\000n\000t\000a\000l\000\040\000A\000l\000l\000e\000l\000e\000s}{section.104}
\BOOKMARK [2][-]{subsection.117}{\376\377\0005\000.\0002\000.\0008\000\040\000H\000A\000M\000/\000T\000S\000P\000\040\000v\000e\000r\000s\000u\000s\000\040\000A\000s\000y\000m\000p\000t\000o\000m\000a\000t\000i\000c\000\040\000C\000a\000r\000r\000i\000e\000r\000s}{section.104}
\BOOKMARK [2][-]{subsection.119}{\376\377\0005\000.\0002\000.\0009\000\040\000R\000a\000n\000k\000\040\000v\000e\000r\000s\000u\000s\000\040\000P\000r\000o\000v\000i\000r\000a\000l\000\040\000L\000o\000a\000d}{section.104}
\BOOKMARK [2][-]{subsection.121}{\376\377\0005\000.\0002\000.\0001\0000\000\040\000P\000r\000e\000v\000e\000n\000t\000e\000d\000\040\000F\000r\000a\000c\000t\000i\000o\000n\000\040\000o\000f\000\040\000D\000i\000s\000e\000a\000s\000e\000,\000\040\000F\000P}{section.104}
\BOOKMARK [2][-]{subsection.125}{\376\377\0005\000.\0002\000.\0001\0001\000\040\000D\000e\000t\000e\000c\000t\000i\000o\000n\000\040\000o\000f\000\040\000H\000T\000L\000V\000-\000I\000\040\000s\000p\000e\000c\000i\000f\000i\000c\000\040\000C\000D\0008\000+\000\040\000T\000\040\000c\000e\000l\000l\000s}{section.104}
\BOOKMARK [2][-]{subsection.126}{\376\377\0005\000.\0002\000.\0001\0002\000\040\000H\000T\000L\000V\000-\000I\000\040\000P\000r\000o\000t\000e\000o\000m\000e}{section.104}
\BOOKMARK [1][-]{section.127}{\376\377\0005\000.\0003\000\040\000R\000e\000s\000u\000l\000t\000s}{chapter.101}
\BOOKMARK [2][-]{subsection.128}{\376\377\0005\000.\0003\000.\0001\000\040\000V\000e\000r\000i\000f\000i\000c\000a\000t\000i\000o\000n\000\040\000o\000f\000\040\000E\000p\000i\000t\000o\000p\000e\000\040\000P\000r\000e\000d\000i\000c\000t\000i\000o\000n\000\040\000S\000o\000f\000t\000w\000a\000r\000e}{section.127}
\BOOKMARK [2][-]{subsection.133}{\376\377\0005\000.\0003\000.\0002\000\040\000P\000r\000o\000t\000e\000c\000t\000i\000v\000e\000\040\000c\000l\000a\000s\000s\000\040\000I\000\040\000a\000l\000l\000e\000l\000e\000s\000\040\000b\000i\000n\000d\000\040\000H\000B\000Z\000\040\000s\000t\000r\000o\000n\000g\000l\000y}{section.127}
\BOOKMARK [2][-]{subsection.136}{\376\377\0005\000.\0003\000.\0003\000\040\000A\000s\000y\000m\000p\000t\000o\000m\000a\000t\000i\000c\000\040\000c\000a\000r\000r\000i\000e\000r\000s\000\040\000b\000i\000n\000d\000\040\000H\000B\000Z\000\040\000m\000o\000r\000e\000\040\000s\000t\000r\000o\000n\000g\000l\000y\000\040\000t\000h\000a\000n\000\040\000H\000A\000M\000/\000T\000S\000P\000\040\000p\000a\000t\000i\000e\000n\000t\000s}{section.127}
\BOOKMARK [2][-]{subsection.142}{\376\377\0005\000.\0003\000.\0004\000\040\000I\000n\000d\000i\000v\000i\000d\000u\000a\000l\000s\000\040\000w\000h\000o\000s\000e\000\040\000H\000L\000A\000\040\000c\000l\000a\000s\000s\000\040\000I\000\040\000g\000e\000n\000o\000t\000y\000p\000e\000\040\000p\000r\000e\000d\000i\000s\000p\000o\000s\000e\000d\000\040\000t\000h\000e\000m\000\040\000t\000o\000\040\000b\000i\000n\000d\000\040\000H\000B\000Z\000\040\000p\000e\000p\000t\000i\000d\000e\000s\000\040\000s\000t\000r\000o\000n\000g\000l\000y\000\040\000h\000a\000d\000\040\000a\000\040\000s\000i\000g\000n\000i\000f\000i\000c\000a\000n\000t\000l\000y\000\040\000l\000o\000w\000e\000r\000\040\000p\000r\000o\000v\000i\000r\000a\000l\000\040\000l\000o\000a\000d}{section.127}
\BOOKMARK [2][-]{subsection.144}{\376\377\0005\000.\0003\000.\0005\000\040\000H\000B\000Z\000\040\000P\000e\000p\000t\000i\000d\000e\000\040\000B\000i\000n\000d\000i\000n\000g\000\040\000i\000s\000\040\000a\000\040\000C\000o\000n\000s\000i\000s\000t\000e\000n\000t\000\040\000P\000r\000e\000d\000i\000c\000t\000o\000r\000\040\000o\000f\000\040\000P\000r\000o\000v\000i\000r\000a\000l\000\040\000L\000o\000a\000d}{section.127}
\BOOKMARK [2][-]{subsection.146}{\376\377\0005\000.\0003\000.\0006\000\040\000P\000r\000o\000t\000e\000i\000n\000s\000\040\000w\000h\000o\000s\000e\000\040\000p\000e\000p\000t\000i\000d\000e\000s\000\040\000a\000r\000e\000\040\000b\000o\000u\000n\000d\000\040\000s\000t\000r\000o\000n\000g\000l\000y\000\040\000b\000y\000\040\000a\000s\000y\000m\000p\000t\000o\000m\000a\000t\000i\000c\000\040\000c\000a\000r\000r\000i\000e\000r\000s\000\040\000a\000r\000e\000\040\000t\000h\000o\000s\000e\000\040\000a\000s\000s\000o\000c\000i\000a\000t\000e\000d\000\040\000w\000i\000t\000h\000\040\000a\000\040\000l\000o\000w\000e\000r\000\040\000p\000r\000o\000v\000i\000r\000a\000l\000\040\000l\000o\000a\000d}{section.127}
\BOOKMARK [2][-]{subsection.152}{\376\377\0005\000.\0003\000.\0007\000\040\000T\000h\000e\000\040\000P\000r\000e\000v\000e\000n\000t\000e\000d\000\040\000F\000r\000a\000c\000t\000i\000o\000n\000\040\000o\000f\000\040\000D\000i\000s\000e\000a\000s\000e\000,\000\040\000F\000P}{section.127}
\BOOKMARK [2][-]{subsection.153}{\376\377\0005\000.\0003\000.\0008\000\040\000H\000B\000Z\000\040\000S\000p\000e\000c\000i\000f\000i\000c\000\040\000C\000D\0008\000+\000\040\000T\000\040\000C\000e\000l\000l\000s\000\040\000c\000a\000n\000\040\000b\000e\000\040\000D\000e\000t\000e\000c\000t\000e\000d\000\040\000e\000x\000\040\000v\000i\000v\000o}{section.127}
\BOOKMARK [2][-]{subsection.154}{\376\377\0005\000.\0003\000.\0009\000\040\000T\000h\000e\000\040\000C\000o\000m\000p\000a\000r\000a\000t\000i\000v\000e\000\040\000I\000m\000m\000u\000n\000o\000g\000e\000n\000i\000c\000i\000t\000y\000\040\000o\000f\000\040\000H\000B\000Z\000\040\000a\000n\000d\000\040\000T\000a\000x}{section.127}
\BOOKMARK [1][-]{section.157}{\376\377\0005\000.\0004\000\040\000D\000i\000s\000c\000u\000s\000s\000i\000o\000n}{chapter.101}
\BOOKMARK [0][-]{chapter.158}{\376\377\0006\000\040\000A\000n\000t\000i\000g\000e\000n\000\040\000E\000x\000p\000r\000e\000s\000s\000i\000o\000n\000\040\000a\000s\000\040\000a\000\040\000D\000e\000t\000e\000r\000m\000i\000n\000a\000n\000t\000\040\000o\000f\000\040\000C\000T\000L\000\040\000L\000y\000s\000i\000s\000\040\000i\000n\000\040\000H\000T\000L\000V\000-\000I\000\040\000I\000n\000f\000e\000c\000t\000i\000o\000n}{}
\BOOKMARK [1][-]{section.159}{\376\377\0006\000.\0001\000\040\000I\000n\000t\000r\000o\000d\000u\000c\000t\000i\000o\000n}{chapter.158}
\BOOKMARK [1][-]{section.160}{\376\377\0006\000.\0002\000\040\000M\000e\000t\000h\000o\000d\000s}{chapter.158}
\BOOKMARK [2][-]{subsection.161}{\376\377\0006\000.\0002\000.\0001\000\040\000P\000B\000M\000C\000\040\000S\000e\000p\000a\000r\000a\000t\000i\000o\000n}{section.160}
\BOOKMARK [2][-]{subsection.162}{\376\377\0006\000.\0002\000.\0002\000\040\000C\000e\000l\000l\000\040\000C\000u\000l\000t\000u\000r\000e}{section.160}
\BOOKMARK [2][-]{subsection.163}{\376\377\0006\000.\0002\000.\0003\000\040\000F\000l\000o\000w\000\040\000C\000y\000t\000o\000m\000e\000t\000r\000i\000c\000\040\000D\000e\000t\000e\000c\000t\000i\000o\000n\000\040\000o\000f\000\040\000T\000a\000x\000\040\000E\000x\000p\000r\000e\000s\000s\000i\000o\000n}{section.160}
\BOOKMARK [2][-]{subsection.164}{\376\377\0006\000.\0002\000.\0004\000\040\000R\000a\000t\000e\000\040\000o\000f\000\040\000C\000D\0008\000+\000\040\000C\000e\000l\000l\000-\000m\000e\000d\000i\000a\000t\000e\000d\000\040\000L\000y\000s\000i\000s}{section.160}
\BOOKMARK [3][-]{subsubsection.172}{\376\377\0006\000.\0002\000.\0004\000.\0001\000\040\000B\000o\000o\000t\000s\000t\000r\000a\000p}{subsection.164}
\BOOKMARK [1][-]{section.173}{\376\377\0006\000.\0003\000\040\000R\000e\000s\000u\000l\000t\000s}{chapter.158}
\BOOKMARK [2][-]{subsection.174}{\376\377\0006\000.\0003\000.\0001\000\040\000M\000o\000d\000e\000l\000i\000n\000g\000\040\000T\000a\000x\000\040\000e\000x\000p\000r\000e\000s\000s\000i\000o\000n}{section.173}
\BOOKMARK [2][-]{subsection.177}{\376\377\0006\000.\0003\000.\0002\000\040\000T\000h\000e\000\040\000C\000D\0008\000+\000\040\000A\000n\000t\000i\000v\000i\000r\000a\000l\000\040\000E\000f\000f\000i\000c\000a\000c\000y\000\040\000A\000s\000s\000a\000y}{section.173}
\BOOKMARK [1][-]{section.183}{\376\377\0006\000.\0004\000\040\000D\000i\000s\000c\000u\000s\000s\000i\000o\000n}{chapter.158}
\BOOKMARK [0][-]{chapter.184}{\376\377\0007\000\040\000T\000h\000e\000\040\000K\000I\000R\000\040\000G\000e\000n\000e\000\040\000C\000l\000u\000s\000t\000e\000r\000\040\000a\000n\000d\000\040\000H\000T\000L\000V\000-\000I}{}
\BOOKMARK [1][-]{section.185}{\376\377\0007\000.\0001\000\040\000I\000n\000t\000r\000o\000d\000u\000c\000t\000i\000o\000n}{chapter.184}
\BOOKMARK [1][-]{section.186}{\376\377\0007\000.\0002\000\040\000M\000e\000t\000h\000o\000d\000s}{chapter.184}
\BOOKMARK [2][-]{subsection.187}{\376\377\0007\000.\0002\000.\0001\000\040\000D\000a\000t\000a\000b\000a\000s\000e}{section.186}
\BOOKMARK [2][-]{subsection.188}{\376\377\0007\000.\0002\000.\0002\000\040\000T\000e\000s\000t\000e\000d\000\040\000A\000s\000s\000o\000c\000i\000a\000t\000i\000o\000n\000s}{section.186}
\BOOKMARK [1][-]{section.191}{\376\377\0007\000.\0003\000\040\000R\000e\000s\000u\000l\000t\000s}{chapter.184}
\BOOKMARK [1][-]{section.196}{\376\377\0007\000.\0004\000\040\000D\000i\000s\000c\000u\000s\000s\000i\000o\000n}{chapter.184}
\BOOKMARK [0][-]{chapter.197}{\376\377\0008\000\040\000C\000o\000n\000c\000l\000u\000s\000i\000o\000n}{}
\BOOKMARK [1][-]{section.198}{\376\377\0008\000.\0001\000\040\000I\000n\000t\000r\000o\000d\000u\000c\000t\000i\000o\000n}{chapter.197}
\BOOKMARK [1][-]{section.206}{\376\377\0008\000.\0002\000\040\000A\000\040\000S\000u\000m\000m\000a\000r\000y\000\040\000o\000f\000\040\000R\000e\000s\000u\000l\000t\000s\000\040\000b\000y\000\040\000C\000h\000a\000p\000t\000e\000r}{chapter.197}
\BOOKMARK [2][-]{subsection.207}{\376\377\0008\000.\0002\000.\0001\000\040\000R\000e\000f\000i\000n\000i\000n\000g\000\040\000H\000L\000A\000\040\000c\000l\000a\000s\000s\000\040\000I\000\040\000A\000l\000l\000e\000l\000e\000\040\000A\000s\000s\000o\000c\000i\000a\000t\000i\000o\000n\000s}{section.206}
\BOOKMARK [2][-]{subsection.212}{\376\377\0008\000.\0002\000.\0002\000\040\000R\000e\000s\000c\000a\000l\000i\000n\000g\000\040\000i\000n\000\040\000E\000p\000i\000t\000o\000p\000e\000\040\000P\000r\000e\000d\000i\000c\000t\000i\000o\000n}{section.206}
\BOOKMARK [2][-]{subsection.213}{\376\377\0008\000.\0002\000.\0003\000\040\000U\000s\000i\000n\000g\000\040\000P\000r\000e\000d\000i\000c\000t\000e\000d\000\040\000B\000i\000n\000d\000i\000n\000g\000\040\000A\000f\000f\000i\000n\000i\000t\000i\000e\000s}{section.206}
\BOOKMARK [2][-]{subsection.219}{\376\377\0008\000.\0002\000.\0004\000\040\000U\000n\000d\000e\000r\000s\000t\000a\000n\000d\000i\000n\000g\000\040\000C\000T\000L\000\040\000L\000y\000s\000i\000s\000\040\000a\000n\000d\000\040\000A\000n\000t\000i\000g\000e\000n\000\040\000E\000x\000p\000r\000e\000s\000s\000i\000o\000n}{section.206}
\BOOKMARK [2][-]{subsection.223}{\376\377\0008\000.\0002\000.\0005\000\040\000T\000h\000e\000\040\000K\000I\000R\000:\000H\000L\000A\000\040\000R\000e\000l\000a\000t\000i\000o\000n\000s\000h\000i\000p\000\040\000i\000n\000\040\000H\000T\000L\000V\000-\000I\000\040\000I\000n\000f\000e\000c\000t\000i\000o\000n}{section.206}
\BOOKMARK [1][-]{section.226}{\376\377\0008\000.\0003\000\040\000F\000i\000n\000a\000l\000\040\000R\000e\000m\000a\000r\000k\000s}{chapter.197}
\BOOKMARK [0][-]{appendix.228}{\376\377\000A\000\040\000S\000u\000p\000p\000l\000e\000m\000e\000n\000t\000a\000r\000y\000\040\000D\000a\000t\000a\000\040\000f\000o\000r\000\040\000C\000h\000a\000p\000t\000e\000r\000\040\0004}{}
\BOOKMARK [1][-]{section.229}{\376\377\000A\000.\0001\000\040\000D\000a\000t\000a\000s\000e\000t\000s}{appendix.228}
\BOOKMARK [1][-]{section.238}{\376\377\000A\000.\0002\000\040\000T\000h\000e\000\040\000H\000I\000V\000\040\000H\000X\000B\0002\000\040\000P\000r\000o\000t\000e\000o\000m\000e}{appendix.228}
\BOOKMARK [1][-]{section.241}{\376\377\000A\000.\0003\000\040\000T\000h\000e\000\040\000E\000f\000f\000e\000c\000t\000\040\000o\000f\000\040\000S\000e\000t\000\040\000S\000i\000z\000e\000\040\000o\000n\000\040\000R\000O\000C\000\040\000C\000u\000r\000v\000e\000s}{appendix.228}
\BOOKMARK [0][-]{appendix.244}{\376\377\000B\000\040\000S\000u\000p\000p\000l\000e\000m\000e\000n\000t\000a\000r\000y\000\040\000D\000a\000t\000a\000\040\000f\000o\000r\000\040\000C\000h\000a\000p\000t\000e\000r\000\040\0005}{}
\BOOKMARK [1][-]{section.245}{\376\377\000B\000.\0001\000\040\000T\000h\000e\000\040\000S\000I\000R\000\040\000S\000c\000o\000r\000e}{appendix.244}
\BOOKMARK [1][-]{section.247}{\376\377\000B\000.\0002\000\040\000M\000u\000l\000t\000i\000p\000l\000e\000\040\000a\000n\000d\000\040\000l\000o\000g\000i\000s\000t\000i\000c\000\040\000r\000e\000g\000r\000e\000s\000s\000i\000o\000n}{appendix.244}
\BOOKMARK [1][-]{section.250}{\376\377\000B\000.\0003\000\040\000M\000e\000t\000h\000o\000d\000s\000\040\000o\000f\000\040\000e\000p\000i\000t\000o\000p\000e\000\040\000d\000e\000f\000i\000n\000i\000t\000i\000o\000n}{appendix.244}
\BOOKMARK [1][-]{section.252}{\376\377\000B\000.\0004\000\040\000T\000h\000e\000\040\000r\000e\000l\000a\000t\000i\000o\000n\000s\000h\000i\000p\000\040\000b\000e\000t\000w\000e\000e\000n\000\040\000t\000h\000e\000\040\000C\000D\0008\000+\000\040\000T\000\040\000c\000e\000l\000l\000\040\000f\000u\000n\000c\000t\000i\000o\000n\000a\000l\000\040\000r\000e\000s\000p\000o\000n\000s\000e\000\040\000a\000n\000d\000\040\000b\000i\000n\000d\000i\000n\000g\000\040\000s\000p\000e\000c\000i\000f\000i\000c\000i\000t\000y}{appendix.244}
\BOOKMARK [0][-]{appendix.262}{\376\377\000C\000\040\000S\000u\000p\000p\000l\000e\000m\000e\000n\000t\000a\000r\000y\000\040\000D\000a\000t\000a\000\040\000f\000o\000r\000\040\000C\000h\000a\000p\000t\000e\000r\000\040\0006}{}
\BOOKMARK [0][-]{dummy.273}{\376\377\000A\000s\000s\000o\000c\000i\000a\000t\000e\000d\000\040\000P\000u\000b\000l\000i\000c\000a\000t\000i\000o\000n\000s}{}
\BOOKMARK [0][-]{dummy.278}{\376\377\000B\000i\000b\000l\000i\000o\000g\000r\000a\000p\000h\000y}{}
